{"/Users/zotovy/Documents/epos-next/web/src/components/advertisement.tsx": {"path":"/Users/zotovy/Documents/epos-next/web/src/components/advertisement.tsx","statementMap":{"0":{"start":{"line":4,"column":32},"end":{"line":9,"column":1}},"1":{"start":{"line":5,"column":4},"end":{"line":8,"column":16}},"2":{"start":{"line":13,"column":20},"end":{"line":17,"column":1}},"3":{"start":{"line":19,"column":12},"end":{"line":27,"column":1}},"4":{"start":{"line":29,"column":18},"end":{"line":31,"column":1}}},"fnMap":{"0":{"name":"(anonymous_0)","decl":{"start":{"line":4,"column":32},"end":{"line":4,"column":33}},"loc":{"start":{"line":4,"column":43},"end":{"line":9,"column":1}},"line":4}},"branchMap":{},"s":{"0":1,"1":1,"2":1,"3":1,"4":1},"f":{"0":1},"b":{},"_coverageSchema":"1a1c01bbd47fc00a2c39e90264f33305004495a9","hash":"4042b5a376284d91921d4516ba1c6d51b484ab16"}
,"/Users/zotovy/Documents/epos-next/web/src/components/button.tsx": {"path":"/Users/zotovy/Documents/epos-next/web/src/components/button.tsx","statementMap":{"0":{"start":{"line":18,"column":32},"end":{"line":68,"column":1}},"1":{"start":{"line":19,"column":17},"end":{"line":19,"column":40}},"2":{"start":{"line":20,"column":20},"end":{"line":20,"column":42}},"3":{"start":{"line":24,"column":4},"end":{"line":34,"column":5}},"4":{"start":{"line":26,"column":12},"end":{"line":26,"column":53}},"5":{"start":{"line":27,"column":12},"end":{"line":27,"column":18}},"6":{"start":{"line":29,"column":12},"end":{"line":29,"column":54}},"7":{"start":{"line":30,"column":12},"end":{"line":30,"column":18}},"8":{"start":{"line":32,"column":12},"end":{"line":32,"column":45}},"9":{"start":{"line":33,"column":12},"end":{"line":33,"column":18}},"10":{"start":{"line":38,"column":4},"end":{"line":55,"column":5}},"11":{"start":{"line":40,"column":8},"end":{"line":50,"column":9}},"12":{"start":{"line":42,"column":16},"end":{"line":42,"column":36}},"13":{"start":{"line":43,"column":16},"end":{"line":43,"column":22}},"14":{"start":{"line":45,"column":16},"end":{"line":45,"column":46}},"15":{"start":{"line":46,"column":16},"end":{"line":46,"column":22}},"16":{"start":{"line":48,"column":16},"end":{"line":48,"column":51}},"17":{"start":{"line":49,"column":16},"end":{"line":49,"column":22}},"18":{"start":{"line":52,"column":8},"end":{"line":54,"column":21}},"19":{"start":{"line":57,"column":4},"end":{"line":67,"column":15}},"20":{"start":{"line":72,"column":15},"end":{"line":111,"column":1}},"21":{"start":{"line":113,"column":19},"end":{"line":113,"column":45}},"22":{"start":{"line":114,"column":19},"end":{"line":114,"column":42}}},"fnMap":{"0":{"name":"(anonymous_0)","decl":{"start":{"line":18,"column":32},"end":{"line":18,"column":33}},"loc":{"start":{"line":18,"column":69},"end":{"line":68,"column":1}},"line":18}},"branchMap":{"0":{"loc":{"start":{"line":19,"column":17},"end":{"line":19,"column":40}},"type":"binary-expr","locations":[{"start":{"line":19,"column":17},"end":{"line":19,"column":27}},{"start":{"line":19,"column":31},"end":{"line":19,"column":40}}],"line":19},"1":{"loc":{"start":{"line":20,"column":20},"end":{"line":20,"column":42}},"type":"binary-expr","locations":[{"start":{"line":20,"column":20},"end":{"line":20,"column":33}},{"start":{"line":20,"column":37},"end":{"line":20,"column":42}}],"line":20},"2":{"loc":{"start":{"line":24,"column":4},"end":{"line":34,"column":5}},"type":"switch","locations":[{"start":{"line":25,"column":8},"end":{"line":27,"column":18}},{"start":{"line":28,"column":8},"end":{"line":30,"column":18}},{"start":{"line":31,"column":8},"end":{"line":33,"column":18}}],"line":24},"3":{"loc":{"start":{"line":38,"column":4},"end":{"line":55,"column":5}},"type":"if","locations":[{"start":{"line":38,"column":4},"end":{"line":55,"column":5}},{"start":{"line":38,"column":4},"end":{"line":55,"column":5}}],"line":38},"4":{"loc":{"start":{"line":40,"column":8},"end":{"line":50,"column":9}},"type":"switch","locations":[{"start":{"line":41,"column":12},"end":{"line":43,"column":22}},{"start":{"line":44,"column":12},"end":{"line":46,"column":22}},{"start":{"line":47,"column":12},"end":{"line":49,"column":22}}],"line":40},"5":{"loc":{"start":{"line":62,"column":23},"end":{"line":62,"column":53}},"type":"binary-expr","locations":[{"start":{"line":62,"column":23},"end":{"line":62,"column":42}},{"start":{"line":62,"column":46},"end":{"line":62,"column":53}}],"line":62}},"s":{"0":1,"1":6,"2":6,"3":6,"4":2,"5":2,"6":2,"7":2,"8":2,"9":2,"10":6,"11":3,"12":1,"13":1,"14":1,"15":1,"16":1,"17":1,"18":3,"19":3,"20":1,"21":1,"22":1},"f":{"0":6},"b":{"0":[6,2],"1":[6,3],"2":[2,2,2],"3":[3,3],"4":[1,1,1],"5":[3,2]},"_coverageSchema":"1a1c01bbd47fc00a2c39e90264f33305004495a9","hash":"45142159da8f2f0250eb3f02298a5c8106d0e7b4"}
,"/Users/zotovy/Documents/epos-next/web/src/components/calendar.tsx": {"path":"/Users/zotovy/Documents/epos-next/web/src/components/calendar.tsx","statementMap":{"0":{"start":{"line":11,"column":43},"end":{"line":68,"column":1}},"1":{"start":{"line":12,"column":33},"end":{"line":12,"column":64}},"2":{"start":{"line":14,"column":4},"end":{"line":67,"column":16}},"3":{"start":{"line":20,"column":41},"end":{"line":24,"column":29}},"4":{"start":{"line":41,"column":20},"end":{"line":47,"column":21}},"5":{"start":{"line":42,"column":24},"end":{"line":46,"column":46}},"6":{"start":{"line":49,"column":20},"end":{"line":56,"column":21}},"7":{"start":{"line":50,"column":24},"end":{"line":55,"column":46}},"8":{"start":{"line":58,"column":20},"end":{"line":63,"column":41}},"9":{"start":{"line":72,"column":27},"end":{"line":99,"column":1}},"10":{"start":{"line":73,"column":46},"end":{"line":73,"column":81}},"11":{"start":{"line":74,"column":44},"end":{"line":74,"column":78}},"12":{"start":{"line":76,"column":4},"end":{"line":81,"column":38}},"13":{"start":{"line":77,"column":20},"end":{"line":77,"column":34}},"14":{"start":{"line":78,"column":8},"end":{"line":80,"column":9}},"15":{"start":{"line":79,"column":12},"end":{"line":79,"column":83}},"16":{"start":{"line":83,"column":4},"end":{"line":98,"column":5}},"17":{"start":{"line":90,"column":42},"end":{"line":93,"column":13}},"18":{"start":{"line":91,"column":16},"end":{"line":91,"column":47}},"19":{"start":{"line":92,"column":16},"end":{"line":92,"column":87}},"20":{"start":{"line":92,"column":54},"end":{"line":92,"column":87}},"21":{"start":{"line":95,"column":16},"end":{"line":95,"column":62}},"22":{"start":{"line":101,"column":24},"end":{"line":146,"column":1}},"23":{"start":{"line":102,"column":29},"end":{"line":102,"column":31}},"24":{"start":{"line":103,"column":21},"end":{"line":103,"column":45}},"25":{"start":{"line":106,"column":17},"end":{"line":106,"column":64}},"26":{"start":{"line":107,"column":27},"end":{"line":107,"column":61}},"27":{"start":{"line":108,"column":4},"end":{"line":116,"column":5}},"28":{"start":{"line":108,"column":17},"end":{"line":108,"column":42}},"29":{"start":{"line":109,"column":21},"end":{"line":109,"column":49}},"30":{"start":{"line":110,"column":29},"end":{"line":114,"column":9}},"31":{"start":{"line":115,"column":8},"end":{"line":115,"column":23}},"32":{"start":{"line":119,"column":22},"end":{"line":119,"column":60}},"33":{"start":{"line":120,"column":4},"end":{"line":128,"column":5}},"34":{"start":{"line":120,"column":17},"end":{"line":120,"column":18}},"35":{"start":{"line":121,"column":21},"end":{"line":121,"column":45}},"36":{"start":{"line":122,"column":29},"end":{"line":126,"column":9}},"37":{"start":{"line":127,"column":8},"end":{"line":127,"column":24}},"38":{"start":{"line":131,"column":20},"end":{"line":131,"column":48}},"39":{"start":{"line":132,"column":4},"end":{"line":143,"column":5}},"40":{"start":{"line":133,"column":22},"end":{"line":133,"column":42}},"41":{"start":{"line":134,"column":8},"end":{"line":142,"column":9}},"42":{"start":{"line":134,"column":21},"end":{"line":134,"column":22}},"43":{"start":{"line":135,"column":25},"end":{"line":135,"column":53}},"44":{"start":{"line":136,"column":33},"end":{"line":140,"column":13}},"45":{"start":{"line":141,"column":12},"end":{"line":141,"column":28}},"46":{"start":{"line":145,"column":4},"end":{"line":145,"column":17}},"47":{"start":{"line":154,"column":26},"end":{"line":163,"column":1}},"48":{"start":{"line":165,"column":28},"end":{"line":183,"column":1}},"49":{"start":{"line":185,"column":27},"end":{"line":189,"column":1}},"50":{"start":{"line":191,"column":28},"end":{"line":195,"column":1}},"51":{"start":{"line":197,"column":13},"end":{"line":201,"column":1}},"52":{"start":{"line":203,"column":23},"end":{"line":208,"column":1}},"53":{"start":{"line":210,"column":14},"end":{"line":215,"column":1}},"54":{"start":{"line":217,"column":14},"end":{"line":227,"column":1}},"55":{"start":{"line":229,"column":15},"end":{"line":234,"column":1}},"56":{"start":{"line":236,"column":18},"end":{"line":242,"column":1}}},"fnMap":{"0":{"name":"(anonymous_0)","decl":{"start":{"line":11,"column":43},"end":{"line":11,"column":44}},"loc":{"start":{"line":11,"column":54},"end":{"line":68,"column":1}},"line":11},"1":{"name":"(anonymous_1)","decl":{"start":{"line":20,"column":31},"end":{"line":20,"column":32}},"loc":{"start":{"line":20,"column":41},"end":{"line":24,"column":29}},"line":20},"2":{"name":"(anonymous_2)","decl":{"start":{"line":40,"column":32},"end":{"line":40,"column":33}},"loc":{"start":{"line":40,"column":42},"end":{"line":64,"column":17}},"line":40},"3":{"name":"(anonymous_3)","decl":{"start":{"line":72,"column":27},"end":{"line":72,"column":28}},"loc":{"start":{"line":72,"column":69},"end":{"line":99,"column":1}},"line":72},"4":{"name":"(anonymous_4)","decl":{"start":{"line":76,"column":14},"end":{"line":76,"column":15}},"loc":{"start":{"line":76,"column":20},"end":{"line":81,"column":5}},"line":76},"5":{"name":"(anonymous_5)","decl":{"start":{"line":90,"column":27},"end":{"line":90,"column":28}},"loc":{"start":{"line":90,"column":42},"end":{"line":93,"column":13}},"line":90},"6":{"name":"(anonymous_6)","decl":{"start":{"line":90,"column":42},"end":{"line":90,"column":43}},"loc":{"start":{"line":90,"column":48},"end":{"line":93,"column":13}},"line":90},"7":{"name":"(anonymous_7)","decl":{"start":{"line":94,"column":28},"end":{"line":94,"column":29}},"loc":{"start":{"line":94,"column":77},"end":{"line":96,"column":13}},"line":94},"8":{"name":"(anonymous_8)","decl":{"start":{"line":101,"column":24},"end":{"line":101,"column":25}},"loc":{"start":{"line":101,"column":73},"end":{"line":146,"column":1}},"line":101}},"branchMap":{"0":{"loc":{"start":{"line":41,"column":20},"end":{"line":47,"column":21}},"type":"if","locations":[{"start":{"line":41,"column":20},"end":{"line":47,"column":21}},{"start":{"line":41,"column":20},"end":{"line":47,"column":21}}],"line":41},"1":{"loc":{"start":{"line":41,"column":24},"end":{"line":41,"column":116}},"type":"binary-expr","locations":[{"start":{"line":41,"column":24},"end":{"line":41,"column":67}},{"start":{"line":41,"column":71},"end":{"line":41,"column":116}}],"line":41},"2":{"loc":{"start":{"line":49,"column":20},"end":{"line":56,"column":21}},"type":"if","locations":[{"start":{"line":49,"column":20},"end":{"line":56,"column":21}},{"start":{"line":49,"column":20},"end":{"line":56,"column":21}}],"line":49},"3":{"loc":{"start":{"line":49,"column":24},"end":{"line":49,"column":68}},"type":"binary-expr","locations":[{"start":{"line":49,"column":24},"end":{"line":49,"column":36}},{"start":{"line":49,"column":40},"end":{"line":49,"column":68}}],"line":49},"4":{"loc":{"start":{"line":78,"column":8},"end":{"line":80,"column":9}},"type":"if","locations":[{"start":{"line":78,"column":8},"end":{"line":80,"column":9}},{"start":{"line":78,"column":8},"end":{"line":80,"column":9}}],"line":78},"5":{"loc":{"start":{"line":92,"column":16},"end":{"line":92,"column":87}},"type":"if","locations":[{"start":{"line":92,"column":16},"end":{"line":92,"column":87}},{"start":{"line":92,"column":16},"end":{"line":92,"column":87}}],"line":92},"6":{"loc":{"start":{"line":106,"column":17},"end":{"line":106,"column":64}},"type":"cond-expr","locations":[{"start":{"line":106,"column":43},"end":{"line":106,"column":44}},{"start":{"line":106,"column":47},"end":{"line":106,"column":64}}],"line":106},"7":{"loc":{"start":{"line":113,"column":30},"end":{"line":113,"column":82}},"type":"cond-expr","locations":[{"start":{"line":113,"column":56},"end":{"line":113,"column":57}},{"start":{"line":113,"column":60},"end":{"line":113,"column":82}}],"line":113},"8":{"loc":{"start":{"line":125,"column":30},"end":{"line":125,"column":81}},"type":"cond-expr","locations":[{"start":{"line":125,"column":56},"end":{"line":125,"column":57}},{"start":{"line":125,"column":60},"end":{"line":125,"column":81}}],"line":125},"9":{"loc":{"start":{"line":132,"column":4},"end":{"line":143,"column":5}},"type":"if","locations":[{"start":{"line":132,"column":4},"end":{"line":143,"column":5}},{"start":{"line":132,"column":4},"end":{"line":143,"column":5}}],"line":132},"10":{"loc":{"start":{"line":139,"column":34},"end":{"line":139,"column":85}},"type":"cond-expr","locations":[{"start":{"line":139,"column":60},"end":{"line":139,"column":61}},{"start":{"line":139,"column":64},"end":{"line":139,"column":85}}],"line":139}},"s":{"0":2,"1":33,"2":33,"3":396,"4":1120,"5":33,"6":1087,"7":254,"8":833,"9":2,"10":33,"11":33,"12":33,"13":18,"14":18,"15":17,"16":33,"17":1087,"18":6,"19":6,"20":5,"21":1,"22":2,"23":37,"24":37,"25":37,"26":37,"27":37,"28":37,"29":46,"30":46,"31":46,"32":37,"33":37,"34":37,"35":1116,"36":1116,"37":1116,"38":37,"39":37,"40":30,"41":30,"42":30,"43":91,"44":91,"45":91,"46":37,"47":2,"48":2,"49":2,"50":2,"51":2,"52":2,"53":2,"54":2,"55":2,"56":2},"f":{"0":33,"1":396,"2":1120,"3":33,"4":18,"5":1087,"6":6,"7":1,"8":37},"b":{"0":[33,1087],"1":[1120,33],"2":[254,833],"3":[1087,965],"4":[17,1],"5":[5,1],"6":[0,37],"7":[0,46],"8":[149,967],"9":[30,7],"10":[30,61]},"_coverageSchema":"1a1c01bbd47fc00a2c39e90264f33305004495a9","hash":"8a539690f1824dc2d24dd9fd275114cc96e97a35"}
,"/Users/zotovy/Documents/epos-next/web/src/components/date-input.tsx": {"path":"/Users/zotovy/Documents/epos-next/web/src/components/date-input.tsx","statementMap":{"0":{"start":{"line":15,"column":35},"end":{"line":37,"column":1}},"1":{"start":{"line":16,"column":44},"end":{"line":16,"column":59}},"2":{"start":{"line":17,"column":44},"end":{"line":17,"column":71}},"3":{"start":{"line":19,"column":25},"end":{"line":23,"column":5}},"4":{"start":{"line":20,"column":8},"end":{"line":20,"column":49}},"5":{"start":{"line":20,"column":28},"end":{"line":20,"column":49}},"6":{"start":{"line":21,"column":8},"end":{"line":21,"column":29}},"7":{"start":{"line":22,"column":8},"end":{"line":22,"column":30}},"8":{"start":{"line":25,"column":4},"end":{"line":36,"column":16}},"9":{"start":{"line":31,"column":28},"end":{"line":31,"column":49}},"10":{"start":{"line":40,"column":34},"end":{"line":43,"column":1}},"11":{"start":{"line":41,"column":4},"end":{"line":41,"column":33}},"12":{"start":{"line":41,"column":23},"end":{"line":41,"column":33}},"13":{"start":{"line":42,"column":4},"end":{"line":42,"column":45}},"14":{"start":{"line":47,"column":26},"end":{"line":64,"column":1}},"15":{"start":{"line":66,"column":21},"end":{"line":70,"column":1}},"16":{"start":{"line":72,"column":18},"end":{"line":75,"column":1}}},"fnMap":{"0":{"name":"(anonymous_0)","decl":{"start":{"line":15,"column":35},"end":{"line":15,"column":36}},"loc":{"start":{"line":15,"column":72},"end":{"line":37,"column":1}},"line":15},"1":{"name":"(anonymous_1)","decl":{"start":{"line":19,"column":25},"end":{"line":19,"column":26}},"loc":{"start":{"line":19,"column":41},"end":{"line":23,"column":5}},"line":19},"2":{"name":"(anonymous_2)","decl":{"start":{"line":31,"column":22},"end":{"line":31,"column":23}},"loc":{"start":{"line":31,"column":28},"end":{"line":31,"column":49}},"line":31},"3":{"name":"(anonymous_3)","decl":{"start":{"line":40,"column":34},"end":{"line":40,"column":35}},"loc":{"start":{"line":40,"column":57},"end":{"line":43,"column":1}},"line":40}},"branchMap":{"0":{"loc":{"start":{"line":20,"column":8},"end":{"line":20,"column":49}},"type":"if","locations":[{"start":{"line":20,"column":8},"end":{"line":20,"column":49}},{"start":{"line":20,"column":8},"end":{"line":20,"column":49}}],"line":20},"1":{"loc":{"start":{"line":30,"column":39},"end":{"line":30,"column":66}},"type":"binary-expr","locations":[{"start":{"line":30,"column":39},"end":{"line":30,"column":50}},{"start":{"line":30,"column":54},"end":{"line":30,"column":66}}],"line":30},"2":{"loc":{"start":{"line":41,"column":4},"end":{"line":41,"column":33}},"type":"if","locations":[{"start":{"line":41,"column":4},"end":{"line":41,"column":33}},{"start":{"line":41,"column":4},"end":{"line":41,"column":33}}],"line":41}},"s":{"0":1,"1":21,"2":21,"3":21,"4":10,"5":6,"6":10,"7":10,"8":21,"9":5,"10":1,"11":24,"12":6,"13":18,"14":1,"15":1,"16":1},"f":{"0":21,"1":10,"2":5,"3":24},"b":{"0":[6,4],"1":[21,17],"2":[6,18]},"_coverageSchema":"1a1c01bbd47fc00a2c39e90264f33305004495a9","hash":"a1e48791916dd480409ab83c0e25fca867d0c633"}
,"/Users/zotovy/Documents/epos-next/web/src/components/input.tsx": {"path":"/Users/zotovy/Documents/epos-next/web/src/components/input.tsx","statementMap":{"0":{"start":{"line":18,"column":31},"end":{"line":61,"column":1}},"1":{"start":{"line":20,"column":58},"end":{"line":20,"column":73}},"2":{"start":{"line":23,"column":18},"end":{"line":23,"column":38}},"3":{"start":{"line":24,"column":22},"end":{"line":24,"column":56}},"4":{"start":{"line":27,"column":15},"end":{"line":27,"column":21}},"5":{"start":{"line":28,"column":4},"end":{"line":28,"column":66}},"6":{"start":{"line":28,"column":48},"end":{"line":28,"column":66}},"7":{"start":{"line":31,"column":73},"end":{"line":33,"column":5}},"8":{"start":{"line":32,"column":8},"end":{"line":32,"column":87}},"9":{"start":{"line":32,"column":59},"end":{"line":32,"column":87}},"10":{"start":{"line":35,"column":4},"end":{"line":60,"column":16}},"11":{"start":{"line":42,"column":36},"end":{"line":42,"column":80}},"12":{"start":{"line":65,"column":18},"end":{"line":70,"column":1}},"13":{"start":{"line":72,"column":20},"end":{"line":77,"column":1}},"14":{"start":{"line":80,"column":22},"end":{"line":113,"column":1}},"15":{"start":{"line":115,"column":18},"end":{"line":115,"column":43}},"16":{"start":{"line":117,"column":18},"end":{"line":126,"column":1}}},"fnMap":{"0":{"name":"(anonymous_0)","decl":{"start":{"line":18,"column":31},"end":{"line":18,"column":32}},"loc":{"start":{"line":18,"column":68},"end":{"line":61,"column":1}},"line":18},"1":{"name":"(anonymous_1)","decl":{"start":{"line":31,"column":73},"end":{"line":31,"column":74}},"loc":{"start":{"line":31,"column":84},"end":{"line":33,"column":5}},"line":31},"2":{"name":"(anonymous_2)","decl":{"start":{"line":42,"column":30},"end":{"line":42,"column":31}},"loc":{"start":{"line":42,"column":36},"end":{"line":42,"column":80}},"line":42}},"branchMap":{"0":{"loc":{"start":{"line":23,"column":18},"end":{"line":23,"column":38}},"type":"binary-expr","locations":[{"start":{"line":23,"column":18},"end":{"line":23,"column":29}},{"start":{"line":23,"column":33},"end":{"line":23,"column":38}}],"line":23},"1":{"loc":{"start":{"line":24,"column":32},"end":{"line":24,"column":53}},"type":"binary-expr","locations":[{"start":{"line":24,"column":32},"end":{"line":24,"column":47}},{"start":{"line":24,"column":51},"end":{"line":24,"column":53}}],"line":24},"2":{"loc":{"start":{"line":28,"column":4},"end":{"line":28,"column":66}},"type":"if","locations":[{"start":{"line":28,"column":4},"end":{"line":28,"column":66}},{"start":{"line":28,"column":4},"end":{"line":28,"column":66}}],"line":28},"3":{"loc":{"start":{"line":28,"column":8},"end":{"line":28,"column":46}},"type":"binary-expr","locations":[{"start":{"line":28,"column":8},"end":{"line":28,"column":22}},{"start":{"line":28,"column":26},"end":{"line":28,"column":46}}],"line":28},"4":{"loc":{"start":{"line":32,"column":8},"end":{"line":32,"column":87}},"type":"if","locations":[{"start":{"line":32,"column":8},"end":{"line":32,"column":87}},{"start":{"line":32,"column":8},"end":{"line":32,"column":87}}],"line":32},"5":{"loc":{"start":{"line":32,"column":12},"end":{"line":32,"column":57}},"type":"binary-expr","locations":[{"start":{"line":32,"column":12},"end":{"line":32,"column":33}},{"start":{"line":32,"column":37},"end":{"line":32,"column":57}}],"line":32},"6":{"loc":{"start":{"line":38,"column":12},"end":{"line":44,"column":35}},"type":"cond-expr","locations":[{"start":{"line":39,"column":18},"end":{"line":43,"column":111}},{"start":{"line":44,"column":18},"end":{"line":44,"column":35}}],"line":38},"7":{"loc":{"start":{"line":43,"column":26},"end":{"line":43,"column":107}},"type":"cond-expr","locations":[{"start":{"line":43,"column":48},"end":{"line":43,"column":76}},{"start":{"line":43,"column":79},"end":{"line":43,"column":107}}],"line":43},"8":{"loc":{"start":{"line":56,"column":12},"end":{"line":58,"column":35}},"type":"cond-expr","locations":[{"start":{"line":57,"column":18},"end":{"line":57,"column":80}},{"start":{"line":58,"column":18},"end":{"line":58,"column":35}}],"line":56}},"s":{"0":4,"1":36,"2":35,"3":35,"4":35,"5":35,"6":3,"7":35,"8":1,"9":1,"10":35,"11":2,"12":4,"13":4,"14":4,"15":4,"16":4},"f":{"0":36,"1":1,"2":2},"b":{"0":[35,29],"1":[35,35],"2":[3,32],"3":[35,4],"4":[1,0],"5":[1,1],"6":[4,31],"7":[1,3],"8":[4,31]},"_coverageSchema":"1a1c01bbd47fc00a2c39e90264f33305004495a9","hash":"ccfb966e4b1abdc49a51814f8bc4d00578a74d79"}
,"/Users/zotovy/Documents/epos-next/web/src/components/lesson-todo.tsx": {"path":"/Users/zotovy/Documents/epos-next/web/src/components/lesson-todo.tsx","statementMap":{"0":{"start":{"line":13,"column":36},"end":{"line":27,"column":1}},"1":{"start":{"line":15,"column":24},"end":{"line":17,"column":5}},"2":{"start":{"line":16,"column":8},"end":{"line":16,"column":54}},"3":{"start":{"line":16,"column":27},"end":{"line":16,"column":54}},"4":{"start":{"line":19,"column":4},"end":{"line":26,"column":16}},"5":{"start":{"line":25,"column":74},"end":{"line":25,"column":78}},"6":{"start":{"line":31,"column":18},"end":{"line":36,"column":1}},"7":{"start":{"line":38,"column":17},"end":{"line":132,"column":1}}},"fnMap":{"0":{"name":"(anonymous_0)","decl":{"start":{"line":13,"column":36},"end":{"line":13,"column":37}},"loc":{"start":{"line":13,"column":47},"end":{"line":27,"column":1}},"line":13},"1":{"name":"(anonymous_1)","decl":{"start":{"line":15,"column":24},"end":{"line":15,"column":25}},"loc":{"start":{"line":15,"column":30},"end":{"line":17,"column":5}},"line":15},"2":{"name":"(anonymous_2)","decl":{"start":{"line":25,"column":68},"end":{"line":25,"column":69}},"loc":{"start":{"line":25,"column":74},"end":{"line":25,"column":78}},"line":25}},"branchMap":{"0":{"loc":{"start":{"line":16,"column":8},"end":{"line":16,"column":54}},"type":"if","locations":[{"start":{"line":16,"column":8},"end":{"line":16,"column":54}},{"start":{"line":16,"column":8},"end":{"line":16,"column":54}}],"line":16}},"s":{"0":1,"1":8,"2":3,"3":2,"4":8,"5":0,"6":1,"7":1},"f":{"0":8,"1":3,"2":0},"b":{"0":[2,1]},"_coverageSchema":"1a1c01bbd47fc00a2c39e90264f33305004495a9","hash":"3275f08d1e35f4f20891e2f524db5913291dee7d"}
,"/Users/zotovy/Documents/epos-next/web/src/components/lesson-with-date.tsx": {"path":"/Users/zotovy/Documents/epos-next/web/src/components/lesson-with-date.tsx","statementMap":{"0":{"start":{"line":14,"column":40},"end":{"line":21,"column":1}},"1":{"start":{"line":15,"column":26},"end":{"line":15,"column":61}},"2":{"start":{"line":17,"column":4},"end":{"line":20,"column":16}},"3":{"start":{"line":25,"column":17},"end":{"line":29,"column":1}},"4":{"start":{"line":31,"column":18},"end":{"line":35,"column":1}}},"fnMap":{"0":{"name":"(anonymous_0)","decl":{"start":{"line":14,"column":40},"end":{"line":14,"column":41}},"loc":{"start":{"line":14,"column":51},"end":{"line":21,"column":1}},"line":14}},"branchMap":{},"s":{"0":1,"1":4,"2":4,"3":1,"4":1},"f":{"0":4},"b":{},"_coverageSchema":"1a1c01bbd47fc00a2c39e90264f33305004495a9","hash":"98ed6ad58a8330fce08cd10d29fc017ed069e5c4"}
,"/Users/zotovy/Documents/epos-next/web/src/components/lesson-with-mark.tsx": {"path":"/Users/zotovy/Documents/epos-next/web/src/components/lesson-with-mark.tsx","statementMap":{"0":{"start":{"line":10,"column":40},"end":{"line":15,"column":1}},"1":{"start":{"line":11,"column":4},"end":{"line":14,"column":16}},"2":{"start":{"line":19,"column":13},"end":{"line":24,"column":1}},"3":{"start":{"line":26,"column":18},"end":{"line":30,"column":1}}},"fnMap":{"0":{"name":"(anonymous_0)","decl":{"start":{"line":10,"column":40},"end":{"line":10,"column":41}},"loc":{"start":{"line":10,"column":51},"end":{"line":15,"column":1}},"line":10}},"branchMap":{},"s":{"0":1,"1":8,"2":1,"3":1},"f":{"0":8},"b":{},"_coverageSchema":"1a1c01bbd47fc00a2c39e90264f33305004495a9","hash":"35154b5c19d87bd5edaa302790dbd6e391d8bd81"}
,"/Users/zotovy/Documents/epos-next/web/src/components/lesson-with-room-and-time.tsx": {"path":"/Users/zotovy/Documents/epos-next/web/src/components/lesson-with-room-and-time.tsx","statementMap":{"0":{"start":{"line":19,"column":47},"end":{"line":34,"column":1}},"1":{"start":{"line":20,"column":21},"end":{"line":26,"column":5}},"2":{"start":{"line":21,"column":8},"end":{"line":25,"column":24}},"3":{"start":{"line":28,"column":4},"end":{"line":33,"column":24}},"4":{"start":{"line":38,"column":18},"end":{"line":41,"column":1}},"5":{"start":{"line":43,"column":26},"end":{"line":45,"column":1}},"6":{"start":{"line":47,"column":18},"end":{"line":53,"column":1}}},"fnMap":{"0":{"name":"(anonymous_0)","decl":{"start":{"line":19,"column":47},"end":{"line":19,"column":48}},"loc":{"start":{"line":19,"column":84},"end":{"line":34,"column":1}},"line":19},"1":{"name":"(anonymous_1)","decl":{"start":{"line":20,"column":21},"end":{"line":20,"column":22}},"loc":{"start":{"line":20,"column":27},"end":{"line":26,"column":5}},"line":20}},"branchMap":{"0":{"loc":{"start":{"line":32,"column":24},"end":{"line":32,"column":70}},"type":"binary-expr","locations":[{"start":{"line":32,"column":24},"end":{"line":32,"column":39}},{"start":{"line":32,"column":43},"end":{"line":32,"column":70}}],"line":32}},"s":{"0":2,"1":23,"2":23,"3":23,"4":2,"5":2,"6":2},"f":{"0":23,"1":23},"b":{"0":[23,9]},"_coverageSchema":"1a1c01bbd47fc00a2c39e90264f33305004495a9","hash":"12b3b2d863a498091095df066f1d023f5bb1ad58"}
,"/Users/zotovy/Documents/epos-next/web/src/components/lesson-with-room-time-mark.tsx": {"path":"/Users/zotovy/Documents/epos-next/web/src/components/lesson-with-room-time-mark.tsx","statementMap":{"0":{"start":{"line":10,"column":48},"end":{"line":15,"column":1}},"1":{"start":{"line":11,"column":4},"end":{"line":14,"column":16}},"2":{"start":{"line":19,"column":13},"end":{"line":24,"column":1}},"3":{"start":{"line":26,"column":18},"end":{"line":30,"column":1}}},"fnMap":{"0":{"name":"(anonymous_0)","decl":{"start":{"line":10,"column":48},"end":{"line":10,"column":49}},"loc":{"start":{"line":10,"column":59},"end":{"line":15,"column":1}},"line":10}},"branchMap":{},"s":{"0":1,"1":13,"2":1,"3":1},"f":{"0":13},"b":{},"_coverageSchema":"1a1c01bbd47fc00a2c39e90264f33305004495a9","hash":"d98f28d9c1fd9711b5816b3d2a32cc29ca3e178a"}
,"/Users/zotovy/Documents/epos-next/web/src/components/lesson.tsx": {"path":"/Users/zotovy/Documents/epos-next/web/src/components/lesson.tsx","statementMap":{"0":{"start":{"line":21,"column":32},"end":{"line":31,"column":1}},"1":{"start":{"line":22,"column":19},"end":{"line":22,"column":57}},"2":{"start":{"line":24,"column":4},"end":{"line":30,"column":16}},"3":{"start":{"line":35,"column":19},"end":{"line":39,"column":1}},"4":{"start":{"line":41,"column":17},"end":{"line":45,"column":1}},"5":{"start":{"line":47,"column":15},"end":{"line":58,"column":1}},"6":{"start":{"line":51,"column":32},"end":{"line":51,"column":43}},"7":{"start":{"line":52,"column":21},"end":{"line":52,"column":38}},"8":{"start":{"line":60,"column":20},"end":{"line":64,"column":1}},"9":{"start":{"line":66,"column":18},"end":{"line":69,"column":1}}},"fnMap":{"0":{"name":"(anonymous_0)","decl":{"start":{"line":21,"column":32},"end":{"line":21,"column":33}},"loc":{"start":{"line":21,"column":43},"end":{"line":31,"column":1}},"line":21},"1":{"name":"(anonymous_1)","decl":{"start":{"line":51,"column":23},"end":{"line":51,"column":24}},"loc":{"start":{"line":51,"column":32},"end":{"line":51,"column":43}},"line":51},"2":{"name":"(anonymous_2)","decl":{"start":{"line":52,"column":12},"end":{"line":52,"column":13}},"loc":{"start":{"line":52,"column":21},"end":{"line":52,"column":38}},"line":52}},"branchMap":{"0":{"loc":{"start":{"line":24,"column":64},"end":{"line":24,"column":91}},"type":"binary-expr","locations":[{"start":{"line":24,"column":64},"end":{"line":24,"column":79}},{"start":{"line":24,"column":83},"end":{"line":24,"column":91}}],"line":24}},"s":{"0":6,"1":56,"2":56,"3":6,"4":6,"5":6,"6":56,"7":56,"8":6,"9":6},"f":{"0":56,"1":56,"2":56},"b":{"0":[56,30]},"_coverageSchema":"1a1c01bbd47fc00a2c39e90264f33305004495a9","hash":"7f9832e4bf39321bc8c75516b90a28ae3034d8a8"}
,"/Users/zotovy/Documents/epos-next/web/src/components/loading-indicator.tsx": {"path":"/Users/zotovy/Documents/epos-next/web/src/components/loading-indicator.tsx","statementMap":{"0":{"start":{"line":12,"column":42},"end":{"line":21,"column":1}},"1":{"start":{"line":13,"column":19},"end":{"line":13,"column":37}},"2":{"start":{"line":14,"column":18},"end":{"line":14,"column":50}},"3":{"start":{"line":17,"column":4},"end":{"line":20,"column":16}},"4":{"start":{"line":25,"column":18},"end":{"line":100,"column":1}},"5":{"start":{"line":28,"column":22},"end":{"line":28,"column":34}},"6":{"start":{"line":29,"column":23},"end":{"line":29,"column":35}},"7":{"start":{"line":31,"column":33},"end":{"line":31,"column":44}},"8":{"start":{"line":32,"column":22},"end":{"line":32,"column":33}},"9":{"start":{"line":45,"column":22},"end":{"line":45,"column":34}},"10":{"start":{"line":46,"column":23},"end":{"line":46,"column":35}},"11":{"start":{"line":48,"column":33},"end":{"line":48,"column":44}},"12":{"start":{"line":49,"column":22},"end":{"line":49,"column":33}},"13":{"start":{"line":54,"column":22},"end":{"line":54,"column":34}},"14":{"start":{"line":55,"column":23},"end":{"line":55,"column":35}},"15":{"start":{"line":57,"column":33},"end":{"line":57,"column":44}},"16":{"start":{"line":58,"column":22},"end":{"line":58,"column":33}}},"fnMap":{"0":{"name":"(anonymous_0)","decl":{"start":{"line":12,"column":42},"end":{"line":12,"column":43}},"loc":{"start":{"line":12,"column":53},"end":{"line":21,"column":1}},"line":12},"1":{"name":"(anonymous_1)","decl":{"start":{"line":28,"column":13},"end":{"line":28,"column":14}},"loc":{"start":{"line":28,"column":22},"end":{"line":28,"column":34}},"line":28},"2":{"name":"(anonymous_2)","decl":{"start":{"line":29,"column":14},"end":{"line":29,"column":15}},"loc":{"start":{"line":29,"column":23},"end":{"line":29,"column":35}},"line":29},"3":{"name":"(anonymous_3)","decl":{"start":{"line":31,"column":24},"end":{"line":31,"column":25}},"loc":{"start":{"line":31,"column":33},"end":{"line":31,"column":44}},"line":31},"4":{"name":"(anonymous_4)","decl":{"start":{"line":32,"column":13},"end":{"line":32,"column":14}},"loc":{"start":{"line":32,"column":22},"end":{"line":32,"column":33}},"line":32},"5":{"name":"(anonymous_5)","decl":{"start":{"line":45,"column":13},"end":{"line":45,"column":14}},"loc":{"start":{"line":45,"column":22},"end":{"line":45,"column":34}},"line":45},"6":{"name":"(anonymous_6)","decl":{"start":{"line":46,"column":14},"end":{"line":46,"column":15}},"loc":{"start":{"line":46,"column":23},"end":{"line":46,"column":35}},"line":46},"7":{"name":"(anonymous_7)","decl":{"start":{"line":48,"column":24},"end":{"line":48,"column":25}},"loc":{"start":{"line":48,"column":33},"end":{"line":48,"column":44}},"line":48},"8":{"name":"(anonymous_8)","decl":{"start":{"line":49,"column":13},"end":{"line":49,"column":14}},"loc":{"start":{"line":49,"column":22},"end":{"line":49,"column":33}},"line":49},"9":{"name":"(anonymous_9)","decl":{"start":{"line":54,"column":13},"end":{"line":54,"column":14}},"loc":{"start":{"line":54,"column":22},"end":{"line":54,"column":34}},"line":54},"10":{"name":"(anonymous_10)","decl":{"start":{"line":55,"column":14},"end":{"line":55,"column":15}},"loc":{"start":{"line":55,"column":23},"end":{"line":55,"column":35}},"line":55},"11":{"name":"(anonymous_11)","decl":{"start":{"line":57,"column":24},"end":{"line":57,"column":25}},"loc":{"start":{"line":57,"column":33},"end":{"line":57,"column":44}},"line":57},"12":{"name":"(anonymous_12)","decl":{"start":{"line":58,"column":13},"end":{"line":58,"column":14}},"loc":{"start":{"line":58,"column":22},"end":{"line":58,"column":33}},"line":58}},"branchMap":{"0":{"loc":{"start":{"line":13,"column":19},"end":{"line":13,"column":37}},"type":"binary-expr","locations":[{"start":{"line":13,"column":19},"end":{"line":13,"column":31}},{"start":{"line":13,"column":35},"end":{"line":13,"column":37}}],"line":13},"1":{"loc":{"start":{"line":14,"column":18},"end":{"line":14,"column":50}},"type":"binary-expr","locations":[{"start":{"line":14,"column":18},"end":{"line":14,"column":29}},{"start":{"line":14,"column":33},"end":{"line":14,"column":50}}],"line":14}},"s":{"0":2,"1":6,"2":6,"3":6,"4":2,"5":6,"6":6,"7":6,"8":6,"9":6,"10":6,"11":6,"12":6,"13":6,"14":6,"15":6,"16":6},"f":{"0":6,"1":6,"2":6,"3":6,"4":6,"5":6,"6":6,"7":6,"8":6,"9":6,"10":6,"11":6,"12":6},"b":{"0":[6,5],"1":[6,2]},"_coverageSchema":"1a1c01bbd47fc00a2c39e90264f33305004495a9","hash":"cd0097ff0c1fb792fbc073d33154f9cb597bb886"}
,"/Users/zotovy/Documents/epos-next/web/src/components/modal-window-base.tsx": {"path":"/Users/zotovy/Documents/epos-next/web/src/components/modal-window-base.tsx","statementMap":{"0":{"start":{"line":12,"column":41},"end":{"line":24,"column":1}},"1":{"start":{"line":13,"column":4},"end":{"line":23,"column":16}},"2":{"start":{"line":28,"column":20},"end":{"line":37,"column":1}},"3":{"start":{"line":39,"column":15},"end":{"line":57,"column":1}},"4":{"start":{"line":59,"column":18},"end":{"line":96,"column":1}},"5":{"start":{"line":98,"column":21},"end":{"line":103,"column":1}},"6":{"start":{"line":105,"column":24},"end":{"line":111,"column":1}},"7":{"start":{"line":114,"column":26},"end":{"line":119,"column":1}},"8":{"start":{"line":121,"column":25},"end":{"line":137,"column":1}}},"fnMap":{"0":{"name":"(anonymous_0)","decl":{"start":{"line":12,"column":41},"end":{"line":12,"column":42}},"loc":{"start":{"line":12,"column":52},"end":{"line":24,"column":1}},"line":12}},"branchMap":{},"s":{"0":1,"1":3,"2":1,"3":1,"4":1,"5":1,"6":1,"7":1,"8":1},"f":{"0":3},"b":{},"_coverageSchema":"1a1c01bbd47fc00a2c39e90264f33305004495a9","hash":"c541047535c6adb045a358d325802707257e5160"}
,"/Users/zotovy/Documents/epos-next/web/src/components/select.tsx": {"path":"/Users/zotovy/Documents/epos-next/web/src/components/select.tsx","statementMap":{"0":{"start":{"line":9,"column":32},"end":{"line":16,"column":1}},"1":{"start":{"line":10,"column":4},"end":{"line":15,"column":16}},"2":{"start":{"line":18,"column":19},"end":{"line":21,"column":1}},"3":{"start":{"line":23,"column":13},"end":{"line":27,"column":1}},"4":{"start":{"line":29,"column":18},"end":{"line":36,"column":1}}},"fnMap":{"0":{"name":"(anonymous_0)","decl":{"start":{"line":9,"column":32},"end":{"line":9,"column":33}},"loc":{"start":{"line":9,"column":69},"end":{"line":16,"column":1}},"line":9}},"branchMap":{},"s":{"0":1,"1":6,"2":1,"3":1,"4":1},"f":{"0":6},"b":{},"_coverageSchema":"1a1c01bbd47fc00a2c39e90264f33305004495a9","hash":"747d5d2bacf0a929913307d68b576df4e10b814a"}
,"/Users/zotovy/Documents/epos-next/web/src/components/textarea.tsx": {"path":"/Users/zotovy/Documents/epos-next/web/src/components/textarea.tsx","statementMap":{"0":{"start":{"line":10,"column":34},"end":{"line":12,"column":1}},"1":{"start":{"line":11,"column":4},"end":{"line":11,"column":63}},"2":{"start":{"line":16,"column":21},"end":{"line":16,"column":49}}},"fnMap":{"0":{"name":"(anonymous_0)","decl":{"start":{"line":10,"column":34},"end":{"line":10,"column":35}},"loc":{"start":{"line":10,"column":71},"end":{"line":12,"column":1}},"line":10}},"branchMap":{},"s":{"0":1,"1":2,"2":1},"f":{"0":2},"b":{},"_coverageSchema":"1a1c01bbd47fc00a2c39e90264f33305004495a9","hash":"ae6a47b2849671f0f2e006c4d937ed09b23133b4"}
,"/Users/zotovy/Documents/epos-next/web/src/components/welcome-tile.tsx": {"path":"/Users/zotovy/Documents/epos-next/web/src/components/welcome-tile.tsx","statementMap":{"0":{"start":{"line":16,"column":37},"end":{"line":52,"column":1}},"1":{"start":{"line":18,"column":27},"end":{"line":18,"column":55}},"2":{"start":{"line":19,"column":4},"end":{"line":19,"column":47}},"3":{"start":{"line":19,"column":23},"end":{"line":19,"column":47}},"4":{"start":{"line":22,"column":24},"end":{"line":24,"column":5}},"5":{"start":{"line":23,"column":8},"end":{"line":23,"column":43}},"6":{"start":{"line":23,"column":27},"end":{"line":23,"column":43}},"7":{"start":{"line":27,"column":17},"end":{"line":27,"column":35}},"8":{"start":{"line":29,"column":4},"end":{"line":51,"column":14}},"9":{"start":{"line":56,"column":30},"end":{"line":63,"column":1}},"10":{"start":{"line":65,"column":21},"end":{"line":76,"column":1}},"11":{"start":{"line":67,"column":21},"end":{"line":67,"column":28}},"12":{"start":{"line":68,"column":22},"end":{"line":68,"column":29}},"13":{"start":{"line":69,"column":19},"end":{"line":69,"column":26}},"14":{"start":{"line":70,"column":21},"end":{"line":70,"column":28}},"15":{"start":{"line":74,"column":31},"end":{"line":74,"column":44}},"16":{"start":{"line":78,"column":17},"end":{"line":84,"column":1}},"17":{"start":{"line":86,"column":14},"end":{"line":92,"column":1}},"18":{"start":{"line":94,"column":24},"end":{"line":98,"column":1}},"19":{"start":{"line":100,"column":16},"end":{"line":102,"column":1}},"20":{"start":{"line":104,"column":20},"end":{"line":109,"column":1}},"21":{"start":{"line":111,"column":25},"end":{"line":116,"column":1}},"22":{"start":{"line":118,"column":18},"end":{"line":127,"column":1}},"23":{"start":{"line":129,"column":16},"end":{"line":148,"column":1}}},"fnMap":{"0":{"name":"(anonymous_0)","decl":{"start":{"line":16,"column":37},"end":{"line":16,"column":38}},"loc":{"start":{"line":16,"column":55},"end":{"line":52,"column":1}},"line":16},"1":{"name":"(anonymous_1)","decl":{"start":{"line":22,"column":24},"end":{"line":22,"column":25}},"loc":{"start":{"line":22,"column":30},"end":{"line":24,"column":5}},"line":22},"2":{"name":"(anonymous_2)","decl":{"start":{"line":67,"column":12},"end":{"line":67,"column":13}},"loc":{"start":{"line":67,"column":21},"end":{"line":67,"column":28}},"line":67},"3":{"name":"(anonymous_3)","decl":{"start":{"line":68,"column":13},"end":{"line":68,"column":14}},"loc":{"start":{"line":68,"column":22},"end":{"line":68,"column":29}},"line":68},"4":{"name":"(anonymous_4)","decl":{"start":{"line":69,"column":10},"end":{"line":69,"column":11}},"loc":{"start":{"line":69,"column":19},"end":{"line":69,"column":26}},"line":69},"5":{"name":"(anonymous_5)","decl":{"start":{"line":70,"column":12},"end":{"line":70,"column":13}},"loc":{"start":{"line":70,"column":21},"end":{"line":70,"column":28}},"line":70},"6":{"name":"(anonymous_6)","decl":{"start":{"line":74,"column":22},"end":{"line":74,"column":23}},"loc":{"start":{"line":74,"column":31},"end":{"line":74,"column":44}},"line":74}},"branchMap":{"0":{"loc":{"start":{"line":18,"column":36},"end":{"line":18,"column":54}},"type":"binary-expr","locations":[{"start":{"line":18,"column":36},"end":{"line":18,"column":46}},{"start":{"line":18,"column":50},"end":{"line":18,"column":54}}],"line":18},"1":{"loc":{"start":{"line":19,"column":4},"end":{"line":19,"column":47}},"type":"if","locations":[{"start":{"line":19,"column":4},"end":{"line":19,"column":47}},{"start":{"line":19,"column":4},"end":{"line":19,"column":47}}],"line":19},"2":{"loc":{"start":{"line":23,"column":8},"end":{"line":23,"column":43}},"type":"if","locations":[{"start":{"line":23,"column":8},"end":{"line":23,"column":43}},{"start":{"line":23,"column":8},"end":{"line":23,"column":43}}],"line":23},"3":{"loc":{"start":{"line":27,"column":17},"end":{"line":27,"column":35}},"type":"binary-expr","locations":[{"start":{"line":27,"column":17},"end":{"line":27,"column":27}},{"start":{"line":27,"column":31},"end":{"line":27,"column":35}}],"line":27}},"s":{"0":1,"1":3,"2":3,"3":1,"4":2,"5":1,"6":1,"7":2,"8":2,"9":1,"10":1,"11":6,"12":6,"13":6,"14":6,"15":6,"16":1,"17":1,"18":1,"19":1,"20":1,"21":1,"22":1,"23":1},"f":{"0":3,"1":1,"2":6,"3":6,"4":6,"5":6,"6":6},"b":{"0":[3,2],"1":[1,2],"2":[1,0],"3":[2,2]},"_coverageSchema":"1a1c01bbd47fc00a2c39e90264f33305004495a9","hash":"175eb736cac7a6c53cc55441715a18accb24766b"}
,"/Users/zotovy/Documents/epos-next/web/src/components/header/burger-menu.tsx": {"path":"/Users/zotovy/Documents/epos-next/web/src/components/header/burger-menu.tsx","statementMap":{"0":{"start":{"line":4,"column":18},"end":{"line":59,"column":1}},"1":{"start":{"line":66,"column":36},"end":{"line":81,"column":1}},"2":{"start":{"line":68,"column":4},"end":{"line":80,"column":10}},"3":{"start":{"line":72,"column":16},"end":{"line":72,"column":62}},"4":{"start":{"line":72,"column":35},"end":{"line":72,"column":62}}},"fnMap":{"0":{"name":"(anonymous_0)","decl":{"start":{"line":66,"column":36},"end":{"line":66,"column":37}},"loc":{"start":{"line":66,"column":47},"end":{"line":81,"column":1}},"line":66},"1":{"name":"(anonymous_1)","decl":{"start":{"line":71,"column":22},"end":{"line":71,"column":23}},"loc":{"start":{"line":71,"column":28},"end":{"line":73,"column":13}},"line":71}},"branchMap":{"0":{"loc":{"start":{"line":68,"column":59},"end":{"line":68,"column":83}},"type":"cond-expr","locations":[{"start":{"line":68,"column":72},"end":{"line":68,"column":78}},{"start":{"line":68,"column":81},"end":{"line":68,"column":83}}],"line":68},"1":{"loc":{"start":{"line":72,"column":16},"end":{"line":72,"column":62}},"type":"if","locations":[{"start":{"line":72,"column":16},"end":{"line":72,"column":62}},{"start":{"line":72,"column":16},"end":{"line":72,"column":62}}],"line":72},"2":{"loc":{"start":{"line":74,"column":25},"end":{"line":74,"column":49}},"type":"cond-expr","locations":[{"start":{"line":74,"column":38},"end":{"line":74,"column":44}},{"start":{"line":74,"column":47},"end":{"line":74,"column":49}}],"line":74}},"s":{"0":1,"1":1,"2":5,"3":0,"4":0},"f":{"0":5,"1":0},"b":{"0":[0,5],"1":[0,0],"2":[0,5]},"_coverageSchema":"1a1c01bbd47fc00a2c39e90264f33305004495a9","hash":"27b41c0d03ab60ad16923bccf670eba1a3954569"}
,"/Users/zotovy/Documents/epos-next/web/src/components/header/index.tsx": {"path":"/Users/zotovy/Documents/epos-next/web/src/components/header/index.tsx","statementMap":{"0":{"start":{"line":22,"column":32},"end":{"line":69,"column":1}},"1":{"start":{"line":24,"column":48},"end":{"line":24,"column":63}},"2":{"start":{"line":25,"column":26},"end":{"line":25,"column":27}},"3":{"start":{"line":28,"column":24},"end":{"line":28,"column":43}},"4":{"start":{"line":31,"column":29},"end":{"line":33,"column":5}},"5":{"start":{"line":32,"column":8},"end":{"line":32,"column":74}},"6":{"start":{"line":32,"column":52},"end":{"line":32,"column":74}},"7":{"start":{"line":34,"column":28},"end":{"line":37,"column":5}},"8":{"start":{"line":35,"column":8},"end":{"line":35,"column":56}},"9":{"start":{"line":35,"column":35},"end":{"line":35,"column":56}},"10":{"start":{"line":36,"column":8},"end":{"line":36,"column":26}},"11":{"start":{"line":38,"column":28},"end":{"line":38,"column":55}},"12":{"start":{"line":38,"column":34},"end":{"line":38,"column":55}},"13":{"start":{"line":40,"column":4},"end":{"line":68,"column":16}},"14":{"start":{"line":49,"column":33},"end":{"line":49,"column":57}},"15":{"start":{"line":50,"column":33},"end":{"line":50,"column":58}},"16":{"start":{"line":66,"column":60},"end":{"line":66,"column":94}},"17":{"start":{"line":67,"column":55},"end":{"line":67,"column":79}},"18":{"start":{"line":73,"column":18},"end":{"line":95,"column":1}},"19":{"start":{"line":97,"column":12},"end":{"line":110,"column":1}},"20":{"start":{"line":112,"column":13},"end":{"line":139,"column":1}},"21":{"start":{"line":133,"column":38},"end":{"line":133,"column":85}},"22":{"start":{"line":141,"column":13},"end":{"line":143,"column":1}},"23":{"start":{"line":145,"column":20},"end":{"line":151,"column":1}},"24":{"start":{"line":153,"column":21},"end":{"line":160,"column":1}},"25":{"start":{"line":162,"column":18},"end":{"line":184,"column":1}}},"fnMap":{"0":{"name":"(anonymous_0)","decl":{"start":{"line":22,"column":32},"end":{"line":22,"column":33}},"loc":{"start":{"line":22,"column":43},"end":{"line":69,"column":1}},"line":22},"1":{"name":"(anonymous_1)","decl":{"start":{"line":31,"column":29},"end":{"line":31,"column":30}},"loc":{"start":{"line":31,"column":48},"end":{"line":33,"column":5}},"line":31},"2":{"name":"(anonymous_2)","decl":{"start":{"line":34,"column":28},"end":{"line":34,"column":29}},"loc":{"start":{"line":34,"column":34},"end":{"line":37,"column":5}},"line":34},"3":{"name":"(anonymous_3)","decl":{"start":{"line":38,"column":28},"end":{"line":38,"column":29}},"loc":{"start":{"line":38,"column":34},"end":{"line":38,"column":55}},"line":38},"4":{"name":"(anonymous_4)","decl":{"start":{"line":49,"column":27},"end":{"line":49,"column":28}},"loc":{"start":{"line":49,"column":33},"end":{"line":49,"column":57}},"line":49},"5":{"name":"(anonymous_5)","decl":{"start":{"line":50,"column":27},"end":{"line":50,"column":28}},"loc":{"start":{"line":50,"column":33},"end":{"line":50,"column":58}},"line":50},"6":{"name":"(anonymous_6)","decl":{"start":{"line":66,"column":54},"end":{"line":66,"column":55}},"loc":{"start":{"line":66,"column":60},"end":{"line":66,"column":94}},"line":66},"7":{"name":"(anonymous_7)","decl":{"start":{"line":67,"column":49},"end":{"line":67,"column":50}},"loc":{"start":{"line":67,"column":55},"end":{"line":67,"column":79}},"line":67},"8":{"name":"(anonymous_8)","decl":{"start":{"line":133,"column":29},"end":{"line":133,"column":30}},"loc":{"start":{"line":133,"column":38},"end":{"line":133,"column":85}},"line":133}},"branchMap":{"0":{"loc":{"start":{"line":28,"column":24},"end":{"line":28,"column":43}},"type":"binary-expr","locations":[{"start":{"line":28,"column":24},"end":{"line":28,"column":33}},{"start":{"line":28,"column":37},"end":{"line":28,"column":43}}],"line":28},"1":{"loc":{"start":{"line":32,"column":8},"end":{"line":32,"column":74}},"type":"if","locations":[{"start":{"line":32,"column":8},"end":{"line":32,"column":74}},{"start":{"line":32,"column":8},"end":{"line":32,"column":74}}],"line":32},"2":{"loc":{"start":{"line":32,"column":12},"end":{"line":32,"column":50}},"type":"binary-expr","locations":[{"start":{"line":32,"column":12},"end":{"line":32,"column":30}},{"start":{"line":32,"column":34},"end":{"line":32,"column":50}}],"line":32},"3":{"loc":{"start":{"line":35,"column":8},"end":{"line":35,"column":56}},"type":"if","locations":[{"start":{"line":35,"column":8},"end":{"line":35,"column":56}},{"start":{"line":35,"column":8},"end":{"line":35,"column":56}}],"line":35},"4":{"loc":{"start":{"line":55,"column":16},"end":{"line":62,"column":36}},"type":"cond-expr","locations":[{"start":{"line":56,"column":22},"end":{"line":59,"column":37}},{"start":{"line":60,"column":22},"end":{"line":62,"column":36}}],"line":55},"5":{"loc":{"start":{"line":133,"column":38},"end":{"line":133,"column":85}},"type":"cond-expr","locations":[{"start":{"line":133,"column":69},"end":{"line":133,"column":76}},{"start":{"line":133,"column":79},"end":{"line":133,"column":85}}],"line":133}},"s":{"0":1,"1":5,"2":5,"3":5,"4":5,"5":1,"6":1,"7":5,"8":0,"9":0,"10":0,"11":5,"12":1,"13":5,"14":0,"15":1,"16":0,"17":0,"18":1,"19":1,"20":1,"21":5,"22":1,"23":1,"24":1,"25":1},"f":{"0":5,"1":1,"2":0,"3":1,"4":0,"5":1,"6":0,"7":0,"8":5},"b":{"0":[5,4],"1":[1,0],"2":[1,1],"3":[0,0],"4":[3,2],"5":[4,1]},"_coverageSchema":"1a1c01bbd47fc00a2c39e90264f33305004495a9","hash":"2d7900f47b0fc36efb37e6fe9909b38164e0fe5a"}
,"/Users/zotovy/Documents/epos-next/web/src/components/header/slide.tsx": {"path":"/Users/zotovy/Documents/epos-next/web/src/components/header/slide.tsx","statementMap":{"0":{"start":{"line":14,"column":31},"end":{"line":25,"column":1}},"1":{"start":{"line":15,"column":25},"end":{"line":15,"column":48}},"2":{"start":{"line":17,"column":4},"end":{"line":24,"column":16}},"3":{"start":{"line":29,"column":17},"end":{"line":45,"column":1}},"4":{"start":{"line":30,"column":24},"end":{"line":30,"column":40}},"5":{"start":{"line":32,"column":24},"end":{"line":35,"column":5}},"6":{"start":{"line":33,"column":8},"end":{"line":33,"column":23}},"7":{"start":{"line":34,"column":8},"end":{"line":34,"column":18}},"8":{"start":{"line":37,"column":4},"end":{"line":44,"column":5}},"9":{"start":{"line":39,"column":27},"end":{"line":39,"column":50}},"10":{"start":{"line":40,"column":24},"end":{"line":40,"column":40}},"11":{"start":{"line":41,"column":25},"end":{"line":41,"column":51}},"12":{"start":{"line":47,"column":12},"end":{"line":52,"column":1}},"13":{"start":{"line":54,"column":18},"end":{"line":72,"column":1}},"14":{"start":{"line":74,"column":18},"end":{"line":83,"column":1}}},"fnMap":{"0":{"name":"(anonymous_0)","decl":{"start":{"line":14,"column":31},"end":{"line":14,"column":32}},"loc":{"start":{"line":14,"column":42},"end":{"line":25,"column":1}},"line":14},"1":{"name":"(anonymous_1)","decl":{"start":{"line":29,"column":17},"end":{"line":29,"column":18}},"loc":{"start":{"line":29,"column":41},"end":{"line":45,"column":1}},"line":29},"2":{"name":"(anonymous_2)","decl":{"start":{"line":32,"column":24},"end":{"line":32,"column":25}},"loc":{"start":{"line":32,"column":42},"end":{"line":35,"column":5}},"line":32},"3":{"name":"(anonymous_3)","decl":{"start":{"line":39,"column":21},"end":{"line":39,"column":22}},"loc":{"start":{"line":39,"column":27},"end":{"line":39,"column":50}},"line":39},"4":{"name":"(anonymous_4)","decl":{"start":{"line":40,"column":18},"end":{"line":40,"column":19}},"loc":{"start":{"line":40,"column":24},"end":{"line":40,"column":40}},"line":40},"5":{"name":"(anonymous_5)","decl":{"start":{"line":41,"column":19},"end":{"line":41,"column":20}},"loc":{"start":{"line":41,"column":25},"end":{"line":41,"column":51}},"line":41}},"branchMap":{},"s":{"0":1,"1":5,"2":5,"3":1,"4":5,"5":5,"6":0,"7":0,"8":5,"9":0,"10":0,"11":0,"12":1,"13":1,"14":1},"f":{"0":5,"1":5,"2":0,"3":0,"4":0,"5":0},"b":{},"_coverageSchema":"1a1c01bbd47fc00a2c39e90264f33305004495a9","hash":"e64f6e120150472f0ee6aeb53af4b6cde49c930f"}
,"/Users/zotovy/Documents/epos-next/web/src/helpers/auth-helper.ts": {"path":"/Users/zotovy/Documents/epos-next/web/src/helpers/auth-helper.ts","statementMap":{"0":{"start":{"line":7,"column":24},"end":{"line":7,"column":37}},"1":{"start":{"line":8,"column":8},"end":{"line":8,"column":42}},"2":{"start":{"line":12,"column":24},"end":{"line":12,"column":37}},"3":{"start":{"line":14,"column":8},"end":{"line":14,"column":50}},"4":{"start":{"line":14,"column":43},"end":{"line":14,"column":50}},"5":{"start":{"line":16,"column":27},"end":{"line":20,"column":9}},"6":{"start":{"line":22,"column":28},"end":{"line":26,"column":9}},"7":{"start":{"line":28,"column":8},"end":{"line":28,"column":28}},"8":{"start":{"line":30,"column":8},"end":{"line":30,"column":67}},"9":{"start":{"line":31,"column":8},"end":{"line":31,"column":70}},"10":{"start":{"line":32,"column":8},"end":{"line":32,"column":49}},"11":{"start":{"line":36,"column":8},"end":{"line":36,"column":53}},"12":{"start":{"line":36,"column":43},"end":{"line":36,"column":53}},"13":{"start":{"line":37,"column":8},"end":{"line":37,"column":50}},"14":{"start":{"line":41,"column":24},"end":{"line":41,"column":37}},"15":{"start":{"line":43,"column":8},"end":{"line":46,"column":9}},"16":{"start":{"line":50,"column":24},"end":{"line":50,"column":37}},"17":{"start":{"line":51,"column":8},"end":{"line":51,"column":30}},"18":{"start":{"line":52,"column":8},"end":{"line":52,"column":38}},"19":{"start":{"line":53,"column":8},"end":{"line":53,"column":39}},"20":{"start":{"line":57,"column":24},"end":{"line":57,"column":37}},"21":{"start":{"line":58,"column":8},"end":{"line":58,"column":50}}},"fnMap":{"0":{"name":"(anonymous_0)","decl":{"start":{"line":6,"column":4},"end":{"line":6,"column":5}},"loc":{"start":{"line":6,"column":29},"end":{"line":9,"column":5}},"line":6},"1":{"name":"(anonymous_1)","decl":{"start":{"line":11,"column":4},"end":{"line":11,"column":5}},"loc":{"start":{"line":11,"column":40},"end":{"line":33,"column":5}},"line":11},"2":{"name":"(anonymous_2)","decl":{"start":{"line":35,"column":4},"end":{"line":35,"column":5}},"loc":{"start":{"line":35,"column":24},"end":{"line":38,"column":5}},"line":35},"3":{"name":"(anonymous_3)","decl":{"start":{"line":40,"column":4},"end":{"line":40,"column":5}},"loc":{"start":{"line":40,"column":28},"end":{"line":47,"column":5}},"line":40},"4":{"name":"(anonymous_4)","decl":{"start":{"line":49,"column":4},"end":{"line":49,"column":5}},"loc":{"start":{"line":49,"column":33},"end":{"line":54,"column":5}},"line":49},"5":{"name":"(anonymous_5)","decl":{"start":{"line":56,"column":4},"end":{"line":56,"column":5}},"loc":{"start":{"line":56,"column":29},"end":{"line":59,"column":5}},"line":56}},"branchMap":{"0":{"loc":{"start":{"line":14,"column":8},"end":{"line":14,"column":50}},"type":"if","locations":[{"start":{"line":14,"column":8},"end":{"line":14,"column":50}},{"start":{"line":14,"column":8},"end":{"line":14,"column":50}}],"line":14},"1":{"loc":{"start":{"line":36,"column":8},"end":{"line":36,"column":53}},"type":"if","locations":[{"start":{"line":36,"column":8},"end":{"line":36,"column":53}},{"start":{"line":36,"column":8},"end":{"line":36,"column":53}}],"line":36},"2":{"loc":{"start":{"line":58,"column":24},"end":{"line":58,"column":48}},"type":"binary-expr","locations":[{"start":{"line":58,"column":24},"end":{"line":58,"column":42}},{"start":{"line":58,"column":46},"end":{"line":58,"column":48}}],"line":58}},"s":{"0":6,"1":6,"2":3,"3":3,"4":1,"5":2,"6":2,"7":2,"8":2,"9":2,"10":2,"11":6,"12":1,"13":5,"14":5,"15":5,"16":7,"17":7,"18":7,"19":7,"20":2,"21":2},"f":{"0":6,"1":3,"2":6,"3":5,"4":7,"5":2},"b":{"0":[1,2],"1":[1,5],"2":[2,1]},"_coverageSchema":"1a1c01bbd47fc00a2c39e90264f33305004495a9","hash":"dc9d92f117ae38d64b4dc145bc0baefc6b648daa"}
,"/Users/zotovy/Documents/epos-next/web/src/helpers/date-helper.ts": {"path":"/Users/zotovy/Documents/epos-next/web/src/helpers/date-helper.ts","statementMap":{"0":{"start":{"line":3,"column":18},"end":{"line":3,"column":26}},"1":{"start":{"line":7,"column":8},"end":{"line":7,"column":68}},"2":{"start":{"line":11,"column":21},"end":{"line":16,"column":9}},"3":{"start":{"line":17,"column":21},"end":{"line":17,"column":53}},"4":{"start":{"line":18,"column":8},"end":{"line":18,"column":63}}},"fnMap":{"0":{"name":"(anonymous_0)","decl":{"start":{"line":6,"column":4},"end":{"line":6,"column":5}},"loc":{"start":{"line":6,"column":22},"end":{"line":8,"column":5}},"line":6},"1":{"name":"(anonymous_1)","decl":{"start":{"line":10,"column":4},"end":{"line":10,"column":5}},"loc":{"start":{"line":10,"column":21},"end":{"line":19,"column":5}},"line":10}},"branchMap":{"0":{"loc":{"start":{"line":7,"column":15},"end":{"line":7,"column":67}},"type":"binary-expr","locations":[{"start":{"line":7,"column":15},"end":{"line":7,"column":39}},{"start":{"line":7,"column":43},"end":{"line":7,"column":67}}],"line":7}},"s":{"0":7,"1":0,"2":17,"3":17,"4":17},"f":{"0":0,"1":17},"b":{"0":[0,0]},"_coverageSchema":"1a1c01bbd47fc00a2c39e90264f33305004495a9","hash":"115dc589465b5e01f850b9518385ce48c8b9fb41"}
,"/Users/zotovy/Documents/epos-next/web/src/helpers/env-helper.ts": {"path":"/Users/zotovy/Documents/epos-next/web/src/helpers/env-helper.ts","statementMap":{},"fnMap":{},"branchMap":{},"s":{},"f":{},"b":{},"_coverageSchema":"1a1c01bbd47fc00a2c39e90264f33305004495a9","hash":"c478dbce09b90828c2ea8b25daeba147ec185a40"}
,"/Users/zotovy/Documents/epos-next/web/src/helpers/format-helper.ts": {"path":"/Users/zotovy/Documents/epos-next/web/src/helpers/format-helper.ts","statementMap":{"0":{"start":{"line":8,"column":34},"end":{"line":24,"column":5}},"1":{"start":{"line":9,"column":22},"end":{"line":9,"column":31}},"2":{"start":{"line":10,"column":8},"end":{"line":10,"column":57}},"3":{"start":{"line":10,"column":40},"end":{"line":10,"column":57}},"4":{"start":{"line":12,"column":21},"end":{"line":12,"column":29}},"5":{"start":{"line":13,"column":8},"end":{"line":22,"column":9}},"6":{"start":{"line":15,"column":16},"end":{"line":15,"column":33}},"7":{"start":{"line":19,"column":16},"end":{"line":19,"column":33}},"8":{"start":{"line":21,"column":16},"end":{"line":21,"column":32}},"9":{"start":{"line":26,"column":37},"end":{"line":28,"column":5}},"10":{"start":{"line":27,"column":8},"end":{"line":27,"column":91}},"11":{"start":{"line":31,"column":22},"end":{"line":31,"column":64}},"12":{"start":{"line":32,"column":8},"end":{"line":32,"column":88}},"13":{"start":{"line":32,"column":71},"end":{"line":32,"column":88}},"14":{"start":{"line":33,"column":8},"end":{"line":33,"column":40}},"15":{"start":{"line":33,"column":24},"end":{"line":33,"column":40}},"16":{"start":{"line":34,"column":8},"end":{"line":34,"column":71}},"17":{"start":{"line":37,"column":31},"end":{"line":40,"column":5}},"18":{"start":{"line":38,"column":23},"end":{"line":38,"column":141}},"19":{"start":{"line":39,"column":8},"end":{"line":39,"column":41}},"20":{"start":{"line":43,"column":16},"end":{"line":43,"column":42}},"21":{"start":{"line":43,"column":48},"end":{"line":43,"column":76}},"22":{"start":{"line":44,"column":8},"end":{"line":44,"column":40}},"23":{"start":{"line":44,"column":28},"end":{"line":44,"column":40}},"24":{"start":{"line":45,"column":8},"end":{"line":45,"column":40}},"25":{"start":{"line":45,"column":28},"end":{"line":45,"column":40}},"26":{"start":{"line":46,"column":8},"end":{"line":46,"column":27}},"27":{"start":{"line":50,"column":8},"end":{"line":50,"column":73}},"28":{"start":{"line":50,"column":29},"end":{"line":50,"column":71}},"29":{"start":{"line":54,"column":8},"end":{"line":54,"column":70}},"30":{"start":{"line":54,"column":38},"end":{"line":54,"column":68}},"31":{"start":{"line":58,"column":8},"end":{"line":68,"column":9}},"32":{"start":{"line":59,"column":12},"end":{"line":67,"column":14}},"33":{"start":{"line":60,"column":16},"end":{"line":66,"column":17}},"34":{"start":{"line":62,"column":47},"end":{"line":65,"column":21}},"35":{"start":{"line":69,"column":8},"end":{"line":69,"column":20}}},"fnMap":{"0":{"name":"(anonymous_0)","decl":{"start":{"line":8,"column":34},"end":{"line":8,"column":35}},"loc":{"start":{"line":8,"column":93},"end":{"line":24,"column":5}},"line":8},"1":{"name":"(anonymous_1)","decl":{"start":{"line":26,"column":37},"end":{"line":26,"column":38}},"loc":{"start":{"line":26,"column":75},"end":{"line":28,"column":5}},"line":26},"2":{"name":"(anonymous_2)","decl":{"start":{"line":30,"column":4},"end":{"line":30,"column":5}},"loc":{"start":{"line":30,"column":42},"end":{"line":35,"column":5}},"line":30},"3":{"name":"(anonymous_3)","decl":{"start":{"line":37,"column":31},"end":{"line":37,"column":32}},"loc":{"start":{"line":37,"column":72},"end":{"line":40,"column":5}},"line":37},"4":{"name":"(anonymous_4)","decl":{"start":{"line":42,"column":4},"end":{"line":42,"column":5}},"loc":{"start":{"line":42,"column":42},"end":{"line":47,"column":5}},"line":42},"5":{"name":"(anonymous_5)","decl":{"start":{"line":49,"column":4},"end":{"line":49,"column":5}},"loc":{"start":{"line":49,"column":71},"end":{"line":51,"column":5}},"line":49},"6":{"name":"(anonymous_6)","decl":{"start":{"line":50,"column":23},"end":{"line":50,"column":24}},"loc":{"start":{"line":50,"column":29},"end":{"line":50,"column":71}},"line":50},"7":{"name":"(anonymous_7)","decl":{"start":{"line":53,"column":4},"end":{"line":53,"column":5}},"loc":{"start":{"line":53,"column":85},"end":{"line":55,"column":5}},"line":53},"8":{"name":"(anonymous_8)","decl":{"start":{"line":54,"column":32},"end":{"line":54,"column":33}},"loc":{"start":{"line":54,"column":38},"end":{"line":54,"column":68}},"line":54},"9":{"name":"(anonymous_9)","decl":{"start":{"line":57,"column":4},"end":{"line":57,"column":5}},"loc":{"start":{"line":57,"column":55},"end":{"line":70,"column":5}},"line":57},"10":{"name":"(anonymous_10)","decl":{"start":{"line":59,"column":56},"end":{"line":59,"column":57}},"loc":{"start":{"line":59,"column":67},"end":{"line":67,"column":13}},"line":59},"11":{"name":"(anonymous_11)","decl":{"start":{"line":62,"column":41},"end":{"line":62,"column":42}},"loc":{"start":{"line":62,"column":47},"end":{"line":65,"column":21}},"line":62}},"branchMap":{"0":{"loc":{"start":{"line":10,"column":8},"end":{"line":10,"column":57}},"type":"if","locations":[{"start":{"line":10,"column":8},"end":{"line":10,"column":57}},{"start":{"line":10,"column":8},"end":{"line":10,"column":57}}],"line":10},"1":{"loc":{"start":{"line":10,"column":12},"end":{"line":10,"column":38}},"type":"binary-expr","locations":[{"start":{"line":10,"column":12},"end":{"line":10,"column":23}},{"start":{"line":10,"column":27},"end":{"line":10,"column":38}}],"line":10},"2":{"loc":{"start":{"line":13,"column":8},"end":{"line":22,"column":9}},"type":"switch","locations":[{"start":{"line":14,"column":12},"end":{"line":15,"column":33}},{"start":{"line":16,"column":12},"end":{"line":16,"column":21}},{"start":{"line":17,"column":12},"end":{"line":17,"column":21}},{"start":{"line":18,"column":12},"end":{"line":19,"column":33}},{"start":{"line":20,"column":12},"end":{"line":21,"column":32}}],"line":13},"3":{"loc":{"start":{"line":32,"column":8},"end":{"line":32,"column":88}},"type":"if","locations":[{"start":{"line":32,"column":8},"end":{"line":32,"column":88}},{"start":{"line":32,"column":8},"end":{"line":32,"column":88}}],"line":32},"4":{"loc":{"start":{"line":32,"column":12},"end":{"line":32,"column":69}},"type":"binary-expr","locations":[{"start":{"line":32,"column":12},"end":{"line":32,"column":22}},{"start":{"line":32,"column":26},"end":{"line":32,"column":69}}],"line":32},"5":{"loc":{"start":{"line":33,"column":8},"end":{"line":33,"column":40}},"type":"if","locations":[{"start":{"line":33,"column":8},"end":{"line":33,"column":40}},{"start":{"line":33,"column":8},"end":{"line":33,"column":40}}],"line":33},"6":{"loc":{"start":{"line":44,"column":8},"end":{"line":44,"column":40}},"type":"if","locations":[{"start":{"line":44,"column":8},"end":{"line":44,"column":40}},{"start":{"line":44,"column":8},"end":{"line":44,"column":40}}],"line":44},"7":{"loc":{"start":{"line":45,"column":8},"end":{"line":45,"column":40}},"type":"if","locations":[{"start":{"line":45,"column":8},"end":{"line":45,"column":40}},{"start":{"line":45,"column":8},"end":{"line":45,"column":40}}],"line":45}},"s":{"0":5,"1":0,"2":0,"3":0,"4":0,"5":0,"6":0,"7":0,"8":0,"9":5,"10":0,"11":0,"12":0,"13":0,"14":0,"15":0,"16":0,"17":5,"18":0,"19":0,"20":0,"21":0,"22":0,"23":0,"24":0,"25":0,"26":0,"27":1,"28":213,"29":1,"30":213,"31":1,"32":1,"33":4,"34":4,"35":1},"f":{"0":0,"1":0,"2":0,"3":0,"4":0,"5":1,"6":213,"7":1,"8":213,"9":1,"10":4,"11":4},"b":{"0":[0,0],"1":[0,0],"2":[0,0,0,0,0],"3":[0,0],"4":[0,0],"5":[0,0],"6":[0,0],"7":[0,0]},"_coverageSchema":"1a1c01bbd47fc00a2c39e90264f33305004495a9","hash":"042143b0facb5e0b08cfd31b885d01a8b94fbfae"}
,"/Users/zotovy/Documents/epos-next/web/src/helpers/ui-helper.tsx": {"path":"/Users/zotovy/Documents/epos-next/web/src/helpers/ui-helper.tsx","statementMap":{"0":{"start":{"line":19,"column":8},"end":{"line":27,"column":10}},"1":{"start":{"line":22,"column":35},"end":{"line":22,"column":52}},"2":{"start":{"line":31,"column":8},"end":{"line":31,"column":91}},"3":{"start":{"line":31,"column":39},"end":{"line":31,"column":91}},"4":{"start":{"line":32,"column":8},"end":{"line":32,"column":94}},"5":{"start":{"line":32,"column":42},"end":{"line":32,"column":94}},"6":{"start":{"line":33,"column":8},"end":{"line":33,"column":94}},"7":{"start":{"line":33,"column":42},"end":{"line":33,"column":94}},"8":{"start":{"line":34,"column":8},"end":{"line":34,"column":95}},"9":{"start":{"line":34,"column":43},"end":{"line":34,"column":95}},"10":{"start":{"line":35,"column":8},"end":{"line":35,"column":92}},"11":{"start":{"line":35,"column":40},"end":{"line":35,"column":92}},"12":{"start":{"line":36,"column":8},"end":{"line":36,"column":92}},"13":{"start":{"line":36,"column":40},"end":{"line":36,"column":92}},"14":{"start":{"line":37,"column":8},"end":{"line":37,"column":90}},"15":{"start":{"line":37,"column":38},"end":{"line":37,"column":90}},"16":{"start":{"line":38,"column":8},"end":{"line":38,"column":93}},"17":{"start":{"line":38,"column":41},"end":{"line":38,"column":93}},"18":{"start":{"line":39,"column":8},"end":{"line":39,"column":92}},"19":{"start":{"line":39,"column":40},"end":{"line":39,"column":92}},"20":{"start":{"line":40,"column":8},"end":{"line":40,"column":96}},"21":{"start":{"line":40,"column":44},"end":{"line":40,"column":96}},"22":{"start":{"line":41,"column":8},"end":{"line":41,"column":95}},"23":{"start":{"line":41,"column":43},"end":{"line":41,"column":95}},"24":{"start":{"line":42,"column":8},"end":{"line":42,"column":95}},"25":{"start":{"line":42,"column":43},"end":{"line":42,"column":95}},"26":{"start":{"line":43,"column":8},"end":{"line":43,"column":95}},"27":{"start":{"line":43,"column":43},"end":{"line":43,"column":95}},"28":{"start":{"line":44,"column":8},"end":{"line":44,"column":99}},"29":{"start":{"line":44,"column":47},"end":{"line":44,"column":99}},"30":{"start":{"line":45,"column":8},"end":{"line":45,"column":96}},"31":{"start":{"line":45,"column":44},"end":{"line":45,"column":96}},"32":{"start":{"line":47,"column":8},"end":{"line":50,"column":9}},"33":{"start":{"line":54,"column":8},"end":{"line":54,"column":75}},"34":{"start":{"line":54,"column":62},"end":{"line":54,"column":75}},"35":{"start":{"line":55,"column":8},"end":{"line":55,"column":81}},"36":{"start":{"line":55,"column":58},"end":{"line":55,"column":81}},"37":{"start":{"line":56,"column":8},"end":{"line":56,"column":83}},"38":{"start":{"line":56,"column":70},"end":{"line":56,"column":83}},"39":{"start":{"line":57,"column":8},"end":{"line":57,"column":85}},"40":{"start":{"line":57,"column":60},"end":{"line":57,"column":85}},"41":{"start":{"line":58,"column":8},"end":{"line":58,"column":87}},"42":{"start":{"line":58,"column":61},"end":{"line":58,"column":87}},"43":{"start":{"line":59,"column":8},"end":{"line":59,"column":85}},"44":{"start":{"line":59,"column":64},"end":{"line":59,"column":85}},"45":{"start":{"line":60,"column":8},"end":{"line":60,"column":20}}},"fnMap":{"0":{"name":"(anonymous_0)","decl":{"start":{"line":18,"column":4},"end":{"line":18,"column":5}},"loc":{"start":{"line":18,"column":43},"end":{"line":28,"column":5}},"line":18},"1":{"name":"(anonymous_1)","decl":{"start":{"line":22,"column":29},"end":{"line":22,"column":30}},"loc":{"start":{"line":22,"column":35},"end":{"line":22,"column":52}},"line":22},"2":{"name":"(anonymous_2)","decl":{"start":{"line":30,"column":4},"end":{"line":30,"column":5}},"loc":{"start":{"line":30,"column":55},"end":{"line":51,"column":5}},"line":30},"3":{"name":"(anonymous_3)","decl":{"start":{"line":53,"column":4},"end":{"line":53,"column":5}},"loc":{"start":{"line":53,"column":51},"end":{"line":61,"column":5}},"line":53}},"branchMap":{"0":{"loc":{"start":{"line":31,"column":8},"end":{"line":31,"column":91}},"type":"if","locations":[{"start":{"line":31,"column":8},"end":{"line":31,"column":91}},{"start":{"line":31,"column":8},"end":{"line":31,"column":91}}],"line":31},"1":{"loc":{"start":{"line":32,"column":8},"end":{"line":32,"column":94}},"type":"if","locations":[{"start":{"line":32,"column":8},"end":{"line":32,"column":94}},{"start":{"line":32,"column":8},"end":{"line":32,"column":94}}],"line":32},"2":{"loc":{"start":{"line":33,"column":8},"end":{"line":33,"column":94}},"type":"if","locations":[{"start":{"line":33,"column":8},"end":{"line":33,"column":94}},{"start":{"line":33,"column":8},"end":{"line":33,"column":94}}],"line":33},"3":{"loc":{"start":{"line":34,"column":8},"end":{"line":34,"column":95}},"type":"if","locations":[{"start":{"line":34,"column":8},"end":{"line":34,"column":95}},{"start":{"line":34,"column":8},"end":{"line":34,"column":95}}],"line":34},"4":{"loc":{"start":{"line":35,"column":8},"end":{"line":35,"column":92}},"type":"if","locations":[{"start":{"line":35,"column":8},"end":{"line":35,"column":92}},{"start":{"line":35,"column":8},"end":{"line":35,"column":92}}],"line":35},"5":{"loc":{"start":{"line":36,"column":8},"end":{"line":36,"column":92}},"type":"if","locations":[{"start":{"line":36,"column":8},"end":{"line":36,"column":92}},{"start":{"line":36,"column":8},"end":{"line":36,"column":92}}],"line":36},"6":{"loc":{"start":{"line":37,"column":8},"end":{"line":37,"column":90}},"type":"if","locations":[{"start":{"line":37,"column":8},"end":{"line":37,"column":90}},{"start":{"line":37,"column":8},"end":{"line":37,"column":90}}],"line":37},"7":{"loc":{"start":{"line":38,"column":8},"end":{"line":38,"column":93}},"type":"if","locations":[{"start":{"line":38,"column":8},"end":{"line":38,"column":93}},{"start":{"line":38,"column":8},"end":{"line":38,"column":93}}],"line":38},"8":{"loc":{"start":{"line":39,"column":8},"end":{"line":39,"column":92}},"type":"if","locations":[{"start":{"line":39,"column":8},"end":{"line":39,"column":92}},{"start":{"line":39,"column":8},"end":{"line":39,"column":92}}],"line":39},"9":{"loc":{"start":{"line":40,"column":8},"end":{"line":40,"column":96}},"type":"if","locations":[{"start":{"line":40,"column":8},"end":{"line":40,"column":96}},{"start":{"line":40,"column":8},"end":{"line":40,"column":96}}],"line":40},"10":{"loc":{"start":{"line":41,"column":8},"end":{"line":41,"column":95}},"type":"if","locations":[{"start":{"line":41,"column":8},"end":{"line":41,"column":95}},{"start":{"line":41,"column":8},"end":{"line":41,"column":95}}],"line":41},"11":{"loc":{"start":{"line":42,"column":8},"end":{"line":42,"column":95}},"type":"if","locations":[{"start":{"line":42,"column":8},"end":{"line":42,"column":95}},{"start":{"line":42,"column":8},"end":{"line":42,"column":95}}],"line":42},"12":{"loc":{"start":{"line":43,"column":8},"end":{"line":43,"column":95}},"type":"if","locations":[{"start":{"line":43,"column":8},"end":{"line":43,"column":95}},{"start":{"line":43,"column":8},"end":{"line":43,"column":95}}],"line":43},"13":{"loc":{"start":{"line":44,"column":8},"end":{"line":44,"column":99}},"type":"if","locations":[{"start":{"line":44,"column":8},"end":{"line":44,"column":99}},{"start":{"line":44,"column":8},"end":{"line":44,"column":99}}],"line":44},"14":{"loc":{"start":{"line":45,"column":8},"end":{"line":45,"column":96}},"type":"if","locations":[{"start":{"line":45,"column":8},"end":{"line":45,"column":96}},{"start":{"line":45,"column":8},"end":{"line":45,"column":96}}],"line":45},"15":{"loc":{"start":{"line":54,"column":8},"end":{"line":54,"column":75}},"type":"if","locations":[{"start":{"line":54,"column":8},"end":{"line":54,"column":75}},{"start":{"line":54,"column":8},"end":{"line":54,"column":75}}],"line":54},"16":{"loc":{"start":{"line":55,"column":8},"end":{"line":55,"column":81}},"type":"if","locations":[{"start":{"line":55,"column":8},"end":{"line":55,"column":81}},{"start":{"line":55,"column":8},"end":{"line":55,"column":81}}],"line":55},"17":{"loc":{"start":{"line":56,"column":8},"end":{"line":56,"column":83}},"type":"if","locations":[{"start":{"line":56,"column":8},"end":{"line":56,"column":83}},{"start":{"line":56,"column":8},"end":{"line":56,"column":83}}],"line":56},"18":{"loc":{"start":{"line":57,"column":8},"end":{"line":57,"column":85}},"type":"if","locations":[{"start":{"line":57,"column":8},"end":{"line":57,"column":85}},{"start":{"line":57,"column":8},"end":{"line":57,"column":85}}],"line":57},"19":{"loc":{"start":{"line":58,"column":8},"end":{"line":58,"column":87}},"type":"if","locations":[{"start":{"line":58,"column":8},"end":{"line":58,"column":87}},{"start":{"line":58,"column":8},"end":{"line":58,"column":87}}],"line":58},"20":{"loc":{"start":{"line":59,"column":8},"end":{"line":59,"column":85}},"type":"if","locations":[{"start":{"line":59,"column":8},"end":{"line":59,"column":85}},{"start":{"line":59,"column":8},"end":{"line":59,"column":85}}],"line":59}},"s":{"0":0,"1":0,"2":43,"3":22,"4":21,"5":0,"6":21,"7":0,"8":21,"9":0,"10":21,"11":21,"12":0,"13":0,"14":0,"15":0,"16":0,"17":0,"18":0,"19":0,"20":0,"21":0,"22":0,"23":0,"24":0,"25":0,"26":0,"27":0,"28":0,"29":0,"30":0,"31":0,"32":0,"33":0,"34":0,"35":0,"36":0,"37":0,"38":0,"39":0,"40":0,"41":0,"42":0,"43":0,"44":0,"45":0},"f":{"0":0,"1":0,"2":43,"3":0},"b":{"0":[22,21],"1":[0,21],"2":[0,21],"3":[0,21],"4":[21,0],"5":[0,0],"6":[0,0],"7":[0,0],"8":[0,0],"9":[0,0],"10":[0,0],"11":[0,0],"12":[0,0],"13":[0,0],"14":[0,0],"15":[0,0],"16":[0,0],"17":[0,0],"18":[0,0],"19":[0,0],"20":[0,0]},"_coverageSchema":"1a1c01bbd47fc00a2c39e90264f33305004495a9","hash":"2ff39829f16d0195916557cb37e809a418aaafb1"}
,"/Users/zotovy/Documents/epos-next/web/src/hooks/app-router.ts": {"path":"/Users/zotovy/Documents/epos-next/web/src/hooks/app-router.ts","statementMap":{"0":{"start":{"line":4,"column":20},"end":{"line":4,"column":50}},"1":{"start":{"line":4,"column":26},"end":{"line":4,"column":50}},"2":{"start":{"line":5,"column":21},"end":{"line":5,"column":52}},"3":{"start":{"line":5,"column":27},"end":{"line":5,"column":52}},"4":{"start":{"line":6,"column":23},"end":{"line":6,"column":56}},"5":{"start":{"line":6,"column":29},"end":{"line":6,"column":56}},"6":{"start":{"line":10,"column":27},"end":{"line":10,"column":30}},"7":{"start":{"line":11,"column":28},"end":{"line":11,"column":36}},"8":{"start":{"line":12,"column":30},"end":{"line":12,"column":40}}},"fnMap":{"0":{"name":"(anonymous_0)","decl":{"start":{"line":4,"column":20},"end":{"line":4,"column":21}},"loc":{"start":{"line":4,"column":26},"end":{"line":4,"column":50}},"line":4},"1":{"name":"(anonymous_1)","decl":{"start":{"line":5,"column":21},"end":{"line":5,"column":22}},"loc":{"start":{"line":5,"column":27},"end":{"line":5,"column":52}},"line":5},"2":{"name":"(anonymous_2)","decl":{"start":{"line":6,"column":23},"end":{"line":6,"column":24}},"loc":{"start":{"line":6,"column":29},"end":{"line":6,"column":56}},"line":6}},"branchMap":{},"s":{"0":2,"1":0,"2":2,"3":0,"4":2,"5":0,"6":2,"7":2,"8":2},"f":{"0":0,"1":0,"2":0},"b":{},"_coverageSchema":"1a1c01bbd47fc00a2c39e90264f33305004495a9","hash":"2a8eaaff4d57129d85706c85ce4f15d3815b9844"}
,"/Users/zotovy/Documents/epos-next/web/src/hooks/useIndexPage.ts": {"path":"/Users/zotovy/Documents/epos-next/web/src/hooks/useIndexPage.ts","statementMap":{"0":{"start":{"line":22,"column":26},"end":{"line":22,"column":56}},"1":{"start":{"line":23,"column":29},"end":{"line":23,"column":59}},"2":{"start":{"line":23,"column":48},"end":{"line":23,"column":59}},"3":{"start":{"line":24,"column":17},"end":{"line":24,"column":43}},"4":{"start":{"line":26,"column":21},"end":{"line":26,"column":37}},"5":{"start":{"line":28,"column":4},"end":{"line":76,"column":11}},"6":{"start":{"line":29,"column":8},"end":{"line":75,"column":15}},"7":{"start":{"line":31,"column":37},"end":{"line":31,"column":86}},"8":{"start":{"line":34,"column":16},"end":{"line":34,"column":45}},"9":{"start":{"line":37,"column":16},"end":{"line":37,"column":51}},"10":{"start":{"line":40,"column":16},"end":{"line":40,"column":60}},"11":{"start":{"line":43,"column":16},"end":{"line":43,"column":61}},"12":{"start":{"line":46,"column":16},"end":{"line":46,"column":53}},"13":{"start":{"line":49,"column":16},"end":{"line":49,"column":65}},"14":{"start":{"line":52,"column":16},"end":{"line":52,"column":47}},"15":{"start":{"line":54,"column":16},"end":{"line":54,"column":58}},"16":{"start":{"line":55,"column":16},"end":{"line":55,"column":52}},"17":{"start":{"line":56,"column":16},"end":{"line":56,"column":56}},"18":{"start":{"line":57,"column":16},"end":{"line":57,"column":51}},"19":{"start":{"line":60,"column":16},"end":{"line":62,"column":17}},"20":{"start":{"line":61,"column":20},"end":{"line":61,"column":46}},"21":{"start":{"line":64,"column":16},"end":{"line":72,"column":17}},"22":{"start":{"line":65,"column":20},"end":{"line":71,"column":21}},"23":{"start":{"line":66,"column":24},"end":{"line":68,"column":25}},"24":{"start":{"line":70,"column":24},"end":{"line":70,"column":50}},"25":{"start":{"line":74,"column":16},"end":{"line":74,"column":33}},"26":{"start":{"line":78,"column":4},"end":{"line":86,"column":5}},"27":{"start":{"line":105,"column":35},"end":{"line":193,"column":1}},"28":{"start":{"line":107,"column":48},"end":{"line":111,"column":5}},"29":{"start":{"line":114,"column":4},"end":{"line":114,"column":77}},"30":{"start":{"line":114,"column":30},"end":{"line":114,"column":77}},"31":{"start":{"line":116,"column":16},"end":{"line":116,"column":38}},"32":{"start":{"line":119,"column":4},"end":{"line":121,"column":6}},"33":{"start":{"line":120,"column":18},"end":{"line":120,"column":73}},"34":{"start":{"line":124,"column":26},"end":{"line":124,"column":36}},"35":{"start":{"line":128,"column":4},"end":{"line":130,"column":5}},"36":{"start":{"line":129,"column":8},"end":{"line":129,"column":55}},"37":{"start":{"line":133,"column":4},"end":{"line":156,"column":5}},"38":{"start":{"line":133,"column":17},"end":{"line":133,"column":18}},"39":{"start":{"line":134,"column":23},"end":{"line":134,"column":33}},"40":{"start":{"line":137,"column":32},"end":{"line":137,"column":51}},"41":{"start":{"line":138,"column":30},"end":{"line":138,"column":81}},"42":{"start":{"line":141,"column":8},"end":{"line":141,"column":69}},"43":{"start":{"line":141,"column":60},"end":{"line":141,"column":69}},"44":{"start":{"line":144,"column":19},"end":{"line":144,"column":65}},"45":{"start":{"line":145,"column":8},"end":{"line":153,"column":9}},"46":{"start":{"line":145,"column":21},"end":{"line":145,"column":22}},"47":{"start":{"line":146,"column":12},"end":{"line":150,"column":15}},"48":{"start":{"line":151,"column":12},"end":{"line":151,"column":47}},"49":{"start":{"line":152,"column":12},"end":{"line":152,"column":62}},"50":{"start":{"line":152,"column":39},"end":{"line":152,"column":60}},"51":{"start":{"line":155,"column":8},"end":{"line":155,"column":54}},"52":{"start":{"line":160,"column":21},"end":{"line":160,"column":44}},"53":{"start":{"line":161,"column":4},"end":{"line":189,"column":5}},"54":{"start":{"line":161,"column":17},"end":{"line":161,"column":18}},"55":{"start":{"line":162,"column":23},"end":{"line":162,"column":33}},"56":{"start":{"line":165,"column":32},"end":{"line":165,"column":51}},"57":{"start":{"line":166,"column":30},"end":{"line":166,"column":81}},"58":{"start":{"line":169,"column":8},"end":{"line":172,"column":9}},"59":{"start":{"line":170,"column":12},"end":{"line":170,"column":39}},"60":{"start":{"line":171,"column":12},"end":{"line":171,"column":21}},"61":{"start":{"line":175,"column":19},"end":{"line":175,"column":67}},"62":{"start":{"line":177,"column":8},"end":{"line":185,"column":9}},"63":{"start":{"line":177,"column":21},"end":{"line":177,"column":22}},"64":{"start":{"line":178,"column":12},"end":{"line":182,"column":15}},"65":{"start":{"line":183,"column":12},"end":{"line":183,"column":47}},"66":{"start":{"line":184,"column":12},"end":{"line":184,"column":62}},"67":{"start":{"line":184,"column":39},"end":{"line":184,"column":60}},"68":{"start":{"line":188,"column":8},"end":{"line":188,"column":54}},"69":{"start":{"line":192,"column":4},"end":{"line":192,"column":43}},"70":{"start":{"line":195,"column":35},"end":{"line":203,"column":1}},"71":{"start":{"line":1
[...]
48,"column":8},"end":{"line":48,"column":32}}],"line":48},"8":{"loc":{"start":{"line":63,"column":8},"end":{"line":82,"column":9}},"type":"if","locations":[{"start":{"line":63,"column":8},"end":{"line":82,"column":9}},{"start":{"line":63,"column":8},"end":{"line":82,"column":9}}],"line":63},"9":{"loc":{"start":{"line":87,"column":20},"end":{"line":89,"column":20}},"type":"cond-expr","locations":[{"start":{"line":88,"column":14},"end":{"line":88,"column":63}},{"start":{"line":89,"column":14},"end":{"line":89,"column":20}}],"line":87},"10":{"loc":{"start":{"line":88,"column":14},"end":{"line":88,"column":63}},"type":"binary-expr","locations":[{"start":{"line":88,"column":14},"end":{"line":88,"column":53}},{"start":{"line":88,"column":57},"end":{"line":88,"column":63}}],"line":88},"11":{"loc":{"start":{"line":90,"column":8},"end":{"line":90,"column":39}},"type":"if","locations":[{"start":{"line":90,"column":8},"end":{"line":90,"column":39}},{"start":{"line":90,"column":8},"end":{"line":90,"column":39}}],"line":90},"12":{"loc":{"start":{"line":92,"column":15},"end":{"line":92,"column":31}},"type":"binary-expr","locations":[{"start":{"line":92,"column":15},"end":{"line":92,"column":23}},{"start":{"line":92,"column":27},"end":{"line":92,"column":31}}],"line":92},"13":{"loc":{"start":{"line":96,"column":20},"end":{"line":96,"column":67}},"type":"binary-expr","locations":[{"start":{"line":96,"column":20},"end":{"line":96,"column":59}},{"start":{"line":96,"column":63},"end":{"line":96,"column":67}}],"line":96},"14":{"loc":{"start":{"line":113,"column":12},"end":{"line":127,"column":13}},"type":"if","locations":[{"start":{"line":113,"column":12},"end":{"line":127,"column":13}},{"start":{"line":113,"column":12},"end":{"line":127,"column":13}}],"line":113},"15":{"loc":{"start":{"line":113,"column":16},"end":{"line":113,"column":56}},"type":"binary-expr","locations":[{"start":{"line":113,"column":16},"end":{"line":113,"column":26}},{"start":{"line":113,"column":30},"end":{"line":113,"column":56}}],"line":113},"16":{"loc":{"start":{"line":119,"column":17},"end":{"line":127,"column":13}},"type":"if","locations":[{"start":{"line":119,"column":17},"end":{"line":127,"column":13}},{"start":{"line":119,"column":17},"end":{"line":127,"column":13}}],"line":119},"17":{"loc":{"start":{"line":119,"column":21},"end":{"line":119,"column":60}},"type":"binary-expr","locations":[{"start":{"line":119,"column":21},"end":{"line":119,"column":31}},{"start":{"line":119,"column":35},"end":{"line":119,"column":60}}],"line":119},"18":{"loc":{"start":{"line":124,"column":17},"end":{"line":127,"column":13}},"type":"if","locations":[{"start":{"line":124,"column":17},"end":{"line":127,"column":13}},{"start":{"line":124,"column":17},"end":{"line":127,"column":13}}],"line":124},"19":{"loc":{"start":{"line":145,"column":26},"end":{"line":145,"column":75}},"type":"binary-expr","locations":[{"start":{"line":145,"column":26},"end":{"line":145,"column":65}},{"start":{"line":145,"column":69},"end":{"line":145,"column":75}}],"line":145},"20":{"loc":{"start":{"line":150,"column":20},"end":{"line":150,"column":67}},"type":"binary-expr","locations":[{"start":{"line":150,"column":20},"end":{"line":150,"column":59}},{"start":{"line":150,"column":63},"end":{"line":150,"column":67}}],"line":150},"21":{"loc":{"start":{"line":157,"column":8},"end":{"line":157,"column":35}},"type":"if","locations":[{"start":{"line":157,"column":8},"end":{"line":157,"column":35}},{"start":{"line":157,"column":8},"end":{"line":157,"column":35}}],"line":157},"22":{"loc":{"start":{"line":172,"column":8},"end":{"line":174,"column":9}},"type":"if","locations":[{"start":{"line":172,"column":8},"end":{"line":174,"column":9}},{"start":{"line":172,"column":8},"end":{"line":174,"column":9}}],"line":172},"23":{"loc":{"start":{"line":178,"column":55},"end":{"line":178,"column":110}},"type":"binary-expr","locations":[{"start":{"line":178,"column":55},"end":{"line":178,"column":100}},{"start":{"line":178,"column":104},"end":{"line":178,"column":110}}],"line":178},"24":{"loc":{"start":{"line":179,"column":8},"end":{"line":179,"column":38}},"type":"if","locations":[{"start":{"line":179,"column":8},"end":{"line":179,"column":38}},{"start":{"line":179,"column":8},"end":{"line":179,"column":38}}],"line":179},"25":{"loc":{"start":{"line":184,"column":26},"end":{"line":184,"column":71}},"type":"binary-expr","locations":[{"start":{"line":184,"column":26},"end":{"line":184,"column":61}},{"start":{"line":184,"column":65},"end":{"line":184,"column":71}}],"line":184},"26":{"loc":{"start":{"line":192,"column":40},"end":{"line":192,"column":94}},"type":"binary-expr","locations":[{"start":{"line":192,"column":40},"end":{"line":192,"column":84}},{"start":{"line":192,"column":88},"end":{"line":192,"column":94}}],"line":192},"27":{"loc":{"start":{"line":193,"column":8},"end":{"line":193,"column":47}},"type":"if","locations":[{"start":{"line":193,"column":8},"end":{"line":193,"column":47}},{"start":{"line":193,"column":8},"end":{"line":193,"column":47}}],"line":193},"28":{"loc":{"start":{"line":203,"column":8},"end":{"line":205,"column":9}},"type":"if","locations":[{"start":{"line":203,"column":8},"end":{"line":205,"column":9}},{"start":{"line":203,"column":8},"end":{"line":205,"column":9}}],"line":203},"29":{"loc":{"start":{"line":209,"column":33},"end":{"line":209,"column":79}},"type":"binary-expr","locations":[{"start":{"line":209,"column":33},"end":{"line":209,"column":69}},{"start":{"line":209,"column":73},"end":{"line":209,"column":79}}],"line":209},"30":{"loc":{"start":{"line":210,"column":8},"end":{"line":210,"column":40}},"type":"if","locations":[{"start":{"line":210,"column":8},"end":{"line":210,"column":40}},{"start":{"line":210,"column":8},"end":{"line":210,"column":40}}],"line":210}},"s":{"0":4,"1":4,"2":4,"3":1,"4":6,"5":6,"6":6,"7":0,"8":0,"9":0,"10":0,"11":0,"12":0,"13":0,"14":0,"15":0,"16":0,"17":0,"18":0,"19":0,"20":0,"21":0,"22":0,"23":0,"24":2,"25":1,"26":1,"27":1,"28":1,"29":1,"30":1,"31":5,"32":5,"33":5,"34":2,"35":3,"36":3,"37":2,"38":2,"39":2,"40":2,"41":249,"42":249,"43":1,"44":1,"45":248,"46":240,"47":8,"48":8,"49":8,"50":2,"51":1,"52":1,"53":7,"54":7,"55":7,"56":135,"57":7,"58":1,"59":6,"60":6,"61":1,"62":1,"63":1,"64":1,"65":2,"66":2,"67":1,"68":1,"69":8,"70":1,"71":2,"72":2,"73":1,"74":1,"75":1,"76":1,"77":1,"78":1,"79":2,"80":2,"81":1,"82":1,"83":1,"84":1,"85":1,"86":1,"87":1,"88":1,"89":1,"90":2},"f":{"0":4,"1":1,"2":6,"3":2,"4":5,"5":2,"6":1,"7":1,"8":7,"9":135,"10":1,"11":1,"12":2,"13":8,"14":1,"15":2,"16":1,"17":1,"18":2,"19":1,"20":1,"21":2},"b":{"0":[3,1],"1":[4,1],"2":[6,0],"3":[0,0],"4":[0,0],"5":[0,0],"6":[0,0],"7":[0,0],"8":[1,1],"9":[3,2],"10":[3,0],"11":[2,3],"12":[3,0],"13":[2,1],"14":[1,248],"15":[249,241],"16":[240,8],"17":[248,240],"18":[8,0],"19":[1,0],"20":[7,0],"21":[1,6],"22":[1,0],"23":[2,1],"24":[1,1],"25":[8,7],"26":[2,1],"27":[1,1],"28":[1,0],"29":[2,1],"30":[1,1]},"_coverageSchema":"1a1c01bbd47fc00a2c39e90264f33305004495a9","hash":"8a262da3b6bb9887bf7cb47a643b1fff4b0c4f3d"}
,"/Users/zotovy/Documents/epos-next/web/src/services/data-service.ts": {"path":"/Users/zotovy/Documents/epos-next/web/src/services/data-service.ts","statementMap":{"0":{"start":{"line":9,"column":23},"end":{"line":28,"column":1}},"1":{"start":{"line":13,"column":19},"end":{"line":13,"column":45}},"2":{"start":{"line":14,"column":4},"end":{"line":22,"column":5}},"3":{"start":{"line":15,"column":8},"end":{"line":20,"column":27}},"4":{"start":{"line":17,"column":16},"end":{"line":17,"column":50}},"5":{"start":{"line":18,"column":16},"end":{"line":18,"column":32}},"6":{"start":{"line":21,"column":8},"end":{"line":21,"column":33}},"7":{"start":{"line":23,"column":4},"end":{"line":27,"column":26}},"8":{"start":{"line":25,"column":12},"end":{"line":25,"column":46}},"9":{"start":{"line":26,"column":12},"end":{"line":26,"column":35}}},"fnMap":{"0":{"name":"(anonymous_0)","decl":{"start":{"line":9,"column":23},"end":{"line":9,"column":24}},"loc":{"start":{"line":12,"column":29},"end":{"line":28,"column":1}},"line":12},"1":{"name":"(anonymous_1)","decl":{"start":{"line":16,"column":18},"end":{"line":16,"column":19}},"loc":{"start":{"line":16,"column":26},"end":{"line":19,"column":13}},"line":16},"2":{"name":"(anonymous_2)","decl":{"start":{"line":24,"column":14},"end":{"line":24,"column":15}},"loc":{"start":{"line":24,"column":22},"end":{"line":27,"column":9}},"line":24}},"branchMap":{"0":{"loc":{"start":{"line":14,"column":4},"end":{"line":22,"column":5}},"type":"if","locations":[{"start":{"line":14,"column":4},"end":{"line":22,"column":5}},{"start":{"line":14,"column":4},"end":{"line":22,"column":5}}],"line":14}},"s":{"0":2,"1":10,"2":10,"3":1,"4":1,"5":1,"6":1,"7":9,"8":2,"9":2},"f":{"0":10,"1":1,"2":2},"b":{"0":[1,9]},"_coverageSchema":"1a1c01bbd47fc00a2c39e90264f33305004495a9","hash":"d21fc41307c9ad8bed0e4ecf2f06aaf0c6616f09"}
,"/Users/zotovy/Documents/epos-next/web/src/utils/constants.ts": {"path":"/Users/zotovy/Documents/epos-next/web/src/utils/constants.ts","statementMap":{"0":{"start":{"line":1,"column":22},"end":{"line":1,"column":139}},"1":{"start":{"line":2,"column":24},"end":{"line":2,"column":66}}},"fnMap":{},"branchMap":{},"s":{"0":2,"1":2},"f":{},"b":{},"_coverageSchema":"1a1c01bbd47fc00a2c39e90264f33305004495a9","hash":"f2936d987d9b503d19bc60e81f7c3aedfce453b6"}
,"/Users/zotovy/Documents/epos-next/web/src/utils/index.ts": {"path":"/Users/zotovy/Documents/epos-next/web/src/utils/index.ts","statementMap":{"0":{"start":{"line":3,"column":44},"end":{"line":28,"column":1}},"1":{"start":{"line":4,"column":4},"end":{"line":7,"column":8}},"2":{"start":{"line":4,"column":52},"end":{"line":7,"column":5}},"3":{"start":{"line":8,"column":4},"end":{"line":11,"column":8}},"4":{"start":{"line":8,"column":56},"end":{"line":11,"column":5}},"5":{"start":{"line":13,"column":4},"end":{"line":25,"column":5}},"6":{"start":{"line":14,"column":8},"end":{"line":24,"column":10}},"7":{"start":{"line":15,"column":12},"end":{"line":23,"column":13}},"8":{"start":{"line":18,"column":20},"end":{"line":21,"column":21}},"9":{"start":{"line":27,"column":4},"end":{"line":27,"column":16}}},"fnMap":{"0":{"name":"(anonymous_0)","decl":{"start":{"line":3,"column":44},"end":{"line":3,"column":45}},"loc":{"start":{"line":3,"column":84},"end":{"line":28,"column":1}},"line":3},"1":{"name":"(anonymous_1)","decl":{"start":{"line":4,"column":46},"end":{"line":4,"column":47}},"loc":{"start":{"line":4,"column":52},"end":{"line":7,"column":5}},"line":4},"2":{"name":"(anonymous_2)","decl":{"start":{"line":8,"column":50},"end":{"line":8,"column":51}},"loc":{"start":{"line":8,"column":56},"end":{"line":11,"column":5}},"line":8},"3":{"name":"(anonymous_3)","decl":{"start":{"line":14,"column":62},"end":{"line":14,"column":63}},"loc":{"start":{"line":14,"column":67},"end":{"line":24,"column":9}},"line":14},"4":{"name":"(anonymous_4)","decl":{"start":{"line":17,"column":31},"end":{"line":17,"column":32}},"loc":{"start":{"line":17,"column":36},"end":{"line":22,"column":17}},"line":17}},"branchMap":{},"s":{"0":6,"1":1,"2":213,"3":1,"4":213,"5":1,"6":1,"7":4,"8":4,"9":1},"f":{"0":1,"1":213,"2":213,"3":4,"4":4},"b":{},"_coverageSchema":"1a1c01bbd47fc00a2c39e90264f33305004495a9","hash":"f9c1d9dd96b09e704f43a03ee5df3121430d939c"}
,"/Users/zotovy/Documents/epos-next/web/src/utils/api/routes.ts": {"path":"/Users/zotovy/Documents/epos-next/web/src/utils/api/routes.ts","statementMap":{"0":{"start":{"line":5,"column":32},"end":{"line":5,"column":51}},"1":{"start":{"line":6,"column":33},"end":{"line":6,"column":38}},"2":{"start":{"line":7,"column":32},"end":{"line":7,"column":119}},"3":{"start":{"line":7,"column":51},"end":{"line":7,"column":119}},"4":{"start":{"line":9,"column":26},"end":{"line":9,"column":68}},"5":{"start":{"line":10,"column":25},"end":{"line":10,"column":69}},"6":{"start":{"line":11,"column":23},"end":{"line":11,"column":57}},"7":{"start":{"line":12,"column":26},"end":{"line":14,"column":5}},"8":{"start":{"line":12,"column":52},"end":{"line":14,"column":5}},"9":{"start":{"line":15,"column":31},"end":{"line":15,"column":73}},"10":{"start":{"line":16,"column":22},"end":{"line":16,"column":65}}},"fnMap":{"0":{"name":"(anonymous_0)","decl":{"start":{"line":7,"column":32},"end":{"line":7,"column":33}},"loc":{"start":{"line":7,"column":51},"end":{"line":7,"column":119}},"line":7},"1":{"name":"(anonymous_1)","decl":{"start":{"line":12,"column":26},"end":{"line":12,"column":27}},"loc":{"start":{"line":12,"column":52},"end":{"line":14,"column":5}},"line":12}},"branchMap":{},"s":{"0":4,"1":4,"2":4,"3":34,"4":4,"5":4,"6":4,"7":4,"8":15,"9":4,"10":4},"f":{"0":34,"1":15},"b":{},"_coverageSchema":"1a1c01bbd47fc00a2c39e90264f33305004495a9","hash":"4f5aaee2025a09f9e7885a5187d547e48dd87cb7"}
,"/Users/zotovy/Documents/epos-next/web/src/utils/metadata/type-guards.ts": {"path":"/Users/zotovy/Documents/epos-next/web/src/utils/metadata/type-guards.ts","statementMap":{"0":{"start":{"line":11,"column":4},"end":{"line":11,"column":42}},"1":{"start":{"line":16,"column":4},"end":{"line":16,"column":35}},"2":{"start":{"line":21,"column":4},"end":{"line":21,"column":32}},"3":{"start":{"line":26,"column":4},"end":{"line":26,"column":32}},"4":{"start":{"line":31,"column":4},"end":{"line":31,"column":34}},"5":{"start":{"line":36,"column":4},"end":{"line":39,"column":38}}},"fnMap":{"0":{"name":"isInvalidCredentialsApiError","decl":{"start":{"line":10,"column":16},"end":{"line":10,"column":44}},"loc":{"start":{"line":10,"column":94},"end":{"line":12,"column":1}},"line":10},"1":{"name":"isServerErrorApiError","decl":{"start":{"line":15,"column":16},"end":{"line":15,"column":37}},"loc":{"start":{"line":15,"column":80},"end":{"line":17,"column":1}},"line":15},"2":{"name":"isForbiddenApiError","decl":{"start":{"line":20,"column":16},"end":{"line":20,"column":35}},"loc":{"start":{"line":20,"column":76},"end":{"line":22,"column":1}},"line":20},"3":{"name":"isNotFoundApiError","decl":{"start":{"line":25,"column":16},"end":{"line":25,"column":34}},"loc":{"start":{"line":25,"column":74},"end":{"line":27,"column":1}},"line":25},"4":{"name":"isBadRequestApiError","decl":{"start":{"line":30,"column":16},"end":{"line":30,"column":36}},"loc":{"start":{"line":30,"column":78},"end":{"line":32,"column":1}},"line":30},"5":{"name":"isTokensBody","decl":{"start":{"line":35,"column":16},"end":{"line":35,"column":28}},"loc":{"start":{"line":35,"column":58},"end":{"line":40,"column":1}},"line":35}},"branchMap":{"0":{"loc":{"start":{"line":36,"column":11},"end":{"line":39,"column":37}},"type":"binary-expr","locations":[{"start":{"line":36,"column":11},"end":{"line":36,"column":41}},{"start":{"line":37,"column":11},"end":{"line":37,"column":48}},{"start":{"line":38,"column":11},"end":{"line":38,"column":49}},{"start":{"line":39,"column":11},"end":{"line":39,"column":37}}],"line":36}},"s":{"0":4,"1":4,"2":0,"3":0,"4":0,"5":4},"f":{"0":4,"1":4,"2":0,"3":0,"4":0,"5":4},"b":{"0":[4,2,2,2]},"_coverageSchema":"1a1c01bbd47fc00a2c39e90264f33305004495a9","hash":"bf00ddf5ea36d93104e8e1bc1688341b2d6f99b0"}
,"/Users/zotovy/Documents/epos-next/web/test/fixtures.ts": {"path":"/Users/zotovy/Documents/epos-next/web/test/fixtures.ts","statementMap":{"0":{"start":{"line":10,"column":30},"end":{"line":17,"column":1}},"1":{"start":{"line":18,"column":27},"end":{"line":18,"column":81}},"2":{"start":{"line":18,"column":59},"end":{"line":18,"column":79}},"3":{"start":{"line":20,"column":28},"end":{"line":42,"column":1}},"4":{"start":{"line":44,"column":25},"end":{"line":66,"column":1}},"5":{"start":{"line":68,"column":33},"end":{"line":72,"column":1}},"6":{"start":{"line":73,"column":23},"end":{"line":73,"column":74}},"7":{"start":{"line":73,"column":56},"end":{"line":73,"column":72}},"8":{"start":{"line":75,"column":40},"end":{"line":80,"column":1}},"9":{"start":{"line":81,"column":31},"end":{"line":81,"column":91}},"10":{"start":{"line":81,"column":64},"end":{"line":81,"column":89}},"11":{"start":{"line":83,"column":34},"end":{"line":88,"column":1}},"12":{"start":{"line":89,"column":28},"end":{"line":89,"column":85}},"13":{"start":{"line":89,"column":61},"end":{"line":89,"column":83}},"14":{"start":{"line":91,"column":26},"end":{"line":94,"column":1}},"15":{"start":{"line":96,"column":34},"end":{"line":103,"column":1}},"16":{"start":{"line":105,"column":35},"end":{"line":112,"column":1}},"17":{"start":{"line":114,"column":23},"end":{"line":121,"column":1}},"18":{"start":{"line":117,"column":38},"end":{"line":117,"column":86}},"19":{"start":{"line":118,"column":44},"end":{"line":118,"column":80}},"20":{"start":{"line":123,"column":24},"end":{"line":127,"column":1}},"21":{"start":{"line":124,"column":59},"end":{"line":124,"column":116}},"22":{"start":{"line":125,"column":59},"end":{"line":125,"column":116}},"23":{"start":{"line":126,"column":59},"end":{"line":126,"column":116}},"24":{"start":{"line":129,"column":21},"end":{"line":137,"column":1}},"25":{"start":{"line":138,"column":48},"end":{"line":138,"column":50}},"26":{"start":{"line":140,"column":32},"end":{"line":140,"column":34}},"27":{"start":{"line":142,"column":0},"end":{"line":150,"column":1}},"28":{"start":{"line":143,"column":14},"end":{"line":143,"column":49}},"29":{"start":{"line":144,"column":4},"end":{"line":148,"column":8}},"30":{"start":{"line":144,"column":78},"end":{"line":148,"column":5}},"31":{"start":{"line":149,"column":4},"end":{"line":149,"column":74}},"32":{"start":{"line":152,"column":0},"end":{"line":152,"column":45}},"33":{"start":{"line":154,"column":26},"end":{"line":160,"column":1}},"34":{"start":{"line":162,"column":31},"end":{"line":835,"column":1}}},"fnMap":{"0":{"name":"(anonymous_0)","decl":{"start":{"line":18,"column":48},"end":{"line":18,"column":49}},"loc":{"start":{"line":18,"column":59},"end":{"line":18,"column":79}},"line":18},"1":{"name":"(anonymous_1)","decl":{"start":{"line":73,"column":45},"end":{"line":73,"column":46}},"loc":{"start":{"line":73,"column":56},"end":{"line":73,"column":72}},"line":73},"2":{"name":"(anonymous_2)","decl":{"start":{"line":81,"column":53},"end":{"line":81,"column":54}},"loc":{"start":{"line":81,"column":64},"end":{"line":81,"column":89}},"line":81},"3":{"name":"(anonymous_3)","decl":{"start":{"line":89,"column":50},"end":{"line":89,"column":51}},"loc":{"start":{"line":89,"column":61},"end":{"line":89,"column":83}},"line":89},"4":{"name":"(anonymous_4)","decl":{"start":{"line":117,"column":32},"end":{"line":117,"column":33}},"loc":{"start":{"line":117,"column":38},"end":{"line":117,"column":86}},"line":117},"5":{"name":"(anonymous_5)","decl":{"start":{"line":118,"column":38},"end":{"line":118,"column":39}},"loc":{"start":{"line":118,"column":44},"end":{"line":118,"column":80}},"line":118},"6":{"name":"(anonymous_6)","decl":{"start":{"line":124,"column":52},"end":{"line":124,"column":53}},"loc":{"start":{"line":124,"column":59},"end":{"line":124,"column":116}},"line":124},"7":{"name":"(anonymous_7)","decl":{"start":{"line":125,"column":52},"end":{"line":125,"column":53}},"loc":{"start":{"line":125,"column":59},"end":{"line":125,"column":116}},"line":125},"8":{"name":"(anonymous_8)","decl":{"start":{"line":126,"column":52},"end":{"line":126,"column":53}},"loc":{"start":{"line":126,"column":59},"end":{"line":126,"column":116}},"line":126},"9":{"name":"(anonymous_9)","decl":{"start":{"line":144,"column":70},"end":{"line":144,"column":71}},"loc":{"start":{"line":144,"column":78},"end":{"line":148,"column":5}},"line":144}},"branchMap":{},"s":{"0":7,"1":7,"2":245,"3":7,"4":7,"5":7,"6":7,"7":1491,"8":7,"9":7,"10":1491,"11":7,"12":7,"13":861,"14":7,"15":7,"16":7,"17":7,"18":1491,"19":1491,"20":7,"21":42,"22":49,"23":35,"24":7,"25":7,"26":7,"27":7,"28":49,"29":49,"30":2643,"31":49,"32":7,"33":7,"34":7},"f":{"0":245,"1":1491,"2":1491,"3":861,"4":1491,"5":1491,"6":42,"7":49,"8":35,"9":2643},"b":{},"_coverageSchema":"1a1c01bbd47fc00a2c39e90264f33305004495a9","hash":"82d5f3b1971bdb4bad3b3716e832c958a8637266"}
}
