TN:
SF:src/components/advertisement.tsx
FN:4,(anonymous_0)
FNF:1
FNH:1
FNDA:1,(anonymous_0)
DA:4,1
DA:5,1
DA:13,1
DA:19,1
DA:29,1
LF:5
LH:5
BRF:0
BRH:0
end_of_record
TN:
SF:src/components/button.tsx
FN:18,(anonymous_0)
FNF:1
FNH:1
FNDA:6,(anonymous_0)
DA:18,1
DA:19,6
DA:20,6
DA:24,6
DA:26,2
DA:27,2
DA:29,2
DA:30,2
DA:32,2
DA:33,2
DA:38,6
DA:40,3
DA:42,1
DA:43,1
DA:45,1
DA:46,1
DA:48,1
DA:49,1
DA:52,3
DA:57,3
DA:72,1
DA:113,1
DA:114,1
LF:23
LH:23
BRDA:19,0,0,6
BRDA:19,0,1,2
BRDA:20,1,0,6
BRDA:20,1,1,3
BRDA:24,2,0,2
BRDA:24,2,1,2
BRDA:24,2,2,2
BRDA:38,3,0,3
BRDA:38,3,1,3
BRDA:40,4,0,1
BRDA:40,4,1,1
BRDA:40,4,2,1
BRDA:62,5,0,3
BRDA:62,5,1,2
BRF:14
BRH:14
end_of_record
TN:
SF:src/components/calendar.tsx
FN:11,(anonymous_0)
FN:20,(anonymous_1)
FN:40,(anonymous_2)
FN:72,(anonymous_3)
FN:76,(anonymous_4)
FN:90,(anonymous_5)
FN:90,(anonymous_6)
FN:94,(anonymous_7)
FN:101,(anonymous_8)
FNF:9
FNH:9
FNDA:33,(anonymous_0)
FNDA:396,(anonymous_1)
FNDA:1120,(anonymous_2)
FNDA:33,(anonymous_3)
FNDA:18,(anonymous_4)
FNDA:1087,(anonymous_5)
FNDA:6,(anonymous_6)
FNDA:1,(anonymous_7)
FNDA:37,(anonymous_8)
DA:11,2
DA:12,33
DA:14,33
DA:20,396
DA:41,1120
DA:42,33
DA:49,1087
DA:50,254
DA:58,833
DA:72,2
DA:73,33
DA:74,33
DA:76,33
DA:77,18
DA:78,18
DA:79,17
DA:83,33
DA:90,1087
DA:91,6
DA:92,6
DA:95,1
DA:101,2
DA:102,37
DA:103,37
DA:106,37
DA:107,37
DA:108,37
DA:109,46
DA:110,46
DA:115,46
DA:119,37
DA:120,37
DA:121,1116
DA:122,1116
DA:127,1116
DA:131,37
DA:132,37
DA:133,30
DA:134,30
DA:135,91
DA:136,91
DA:141,91
DA:145,37
DA:154,2
DA:165,2
DA:185,2
DA:191,2
DA:197,2
DA:203,2
DA:210,2
DA:217,2
DA:229,2
DA:236,2
LF:53
LH:53
BRDA:41,0,0,33
BRDA:41,0,1,1087
BRDA:41,1,0,1120
BRDA:41,1,1,33
BRDA:49,2,0,254
BRDA:49,2,1,833
BRDA:49,3,0,1087
BRDA:49,3,1,965
BRDA:78,4,0,17
BRDA:78,4,1,1
BRDA:92,5,0,5
BRDA:92,5,1,1
BRDA:106,6,0,0
BRDA:106,6,1,37
BRDA:113,7,0,0
BRDA:113,7,1,46
BRDA:125,8,0,149
BRDA:125,8,1,967
BRDA:132,9,0,30
BRDA:132,9,1,7
BRDA:139,10,0,30
BRDA:139,10,1,61
BRF:22
BRH:20
end_of_record
TN:
SF:src/components/date-input.tsx
FN:15,(anonymous_0)
FN:19,(anonymous_1)
FN:31,(anonymous_2)
FN:40,(anonymous_3)
FNF:4
FNH:4
FNDA:21,(anonymous_0)
FNDA:10,(anonymous_1)
FNDA:5,(anonymous_2)
FNDA:24,(anonymous_3)
DA:15,1
DA:16,21
DA:17,21
DA:19,21
DA:20,10
DA:21,10
DA:22,10
DA:25,21
DA:31,5
DA:40,1
DA:41,24
DA:42,18
DA:47,1
DA:66,1
DA:72,1
LF:15
LH:15
BRDA:20,0,0,6
BRDA:20,0,1,4
BRDA:30,1,0,21
BRDA:30,1,1,17
BRDA:41,2,0,6
BRDA:41,2,1,18
BRF:6
BRH:6
end_of_record
TN:
SF:src/components/input.tsx
FN:18,(anonymous_0)
FN:31,(anonymous_1)
FN:42,(anonymous_2)
FNF:3
FNH:3
FNDA:36,(anonymous_0)
FNDA:1,(anonymous_1)
FNDA:2,(anonymous_2)
DA:18,4
DA:20,36
DA:23,35
DA:24,35
DA:27,35
DA:28,35
DA:31,35
DA:32,1
DA:35,35
DA:42,2
DA:65,4
DA:72,4
DA:80,4
DA:115,4
DA:117,4
LF:15
LH:15
BRDA:23,0,0,35
BRDA:23,0,1,29
BRDA:24,1,0,35
BRDA:24,1,1,35
BRDA:28,2,0,3
BRDA:28,2,1,32
BRDA:28,3,0,35
BRDA:28,3,1,4
BRDA:32,4,0,1
BRDA:32,4,1,0
BRDA:32,5,0,1
BRDA:32,5,1,1
BRDA:38,6,0,4
BRDA:38,6,1,31
BRDA:43,7,0,1
BRDA:43,7,1,3
BRDA:56,8,0,4
BRDA:56,8,1,31
BRF:18
BRH:17
end_of_record
TN:
SF:src/components/lesson-todo.tsx
FN:13,(anonymous_0)
FN:15,(anonymous_1)
FN:25,(anonymous_2)
FNF:3
FNH:2
FNDA:8,(anonymous_0)
FNDA:3,(anonymous_1)
FNDA:0,(anonymous_2)
DA:13,1
DA:15,8
DA:16,3
DA:19,8
DA:25,0
DA:31,1
DA:38,1
LF:7
LH:6
BRDA:16,0,0,2
BRDA:16,0,1,1
BRF:2
BRH:2
end_of_record
TN:
SF:src/components/lesson-with-date.tsx
FN:14,(anonymous_0)
FNF:1
FNH:1
FNDA:4,(anonymous_0)
DA:14,1
DA:15,4
DA:17,4
DA:25,1
DA:31,1
LF:5
LH:5
BRF:0
BRH:0
end_of_record
TN:
SF:src/components/lesson-with-mark.tsx
FN:10,(anonymous_0)
FNF:1
FNH:1
FNDA:8,(anonymous_0)
DA:10,1
DA:11,8
DA:19,1
DA:26,1
LF:4
LH:4
BRF:0
BRH:0
end_of_record
TN:
SF:src/components/lesson-with-room-and-time.tsx
FN:19,(anonymous_0)
FN:20,(anonymous_1)
FNF:2
FNH:2
FNDA:23,(anonymous_0)
FNDA:23,(anonymous_1)
DA:19,2
DA:20,23
DA:21,23
DA:28,23
DA:38,2
DA:43,2
DA:47,2
LF:7
LH:7
BRDA:32,0,0,23
BRDA:32,0,1,9
BRF:2
BRH:2
end_of_record
TN:
SF:src/components/lesson-with-room-time-mark.tsx
FN:10,(anonymous_0)
FNF:1
FNH:1
FNDA:13,(anonymous_0)
DA:10,1
DA:11,13
DA:19,1
DA:26,1
LF:4
LH:4
BRF:0
BRH:0
end_of_record
TN:
SF:src/components/lesson.tsx
FN:21,(anonymous_0)
FN:51,(anonymous_1)
FN:52,(anonymous_2)
FNF:3
FNH:3
FNDA:56,(anonymous_0)
FNDA:56,(anonymous_1)
FNDA:56,(anonymous_2)
DA:21,6
DA:22,56
DA:24,56
DA:35,6
DA:41,6
DA:47,6
DA:51,56
DA:52,56
DA:60,6
DA:66,6
LF:10
LH:10
BRDA:24,0,0,56
BRDA:24,0,1,30
BRF:2
BRH:2
end_of_record
TN:
SF:src/components/loading-indicator.tsx
FN:12,(anonymous_0)
FN:28,(anonymous_1)
FN:29,(anonymous_2)
FN:31,(anonymous_3)
FN:32,(anonymous_4)
FN:45,(anonymous_5)
FN:46,(anonymous_6)
FN:48,(anonymous_7)
FN:49,(anonymous_8)
FN:54,(anonymous_9)
FN:55,(anonymous_10)
FN:57,(anonymous_11)
FN:58,(anonymous_12)
FNF:13
FNH:13
FNDA:6,(anonymous_0)
FNDA:6,(anonymous_1)
FNDA:6,(anonymous_2)
FNDA:6,(anonymous_3)
FNDA:6,(anonymous_4)
FNDA:6,(anonymous_5)
FNDA:6,(anonymous_6)
FNDA:6,(anonymous_7)
FNDA:6,(anonymous_8)
FNDA:6,(anonymous_9)
FNDA:6,(anonymous_10)
FNDA:6,(anonymous_11)
FNDA:6,(anonymous_12)
DA:12,2
DA:13,6
DA:14,6
DA:17,6
DA:25,2
DA:28,6
DA:29,6
DA:31,6
DA:32,6
DA:45,6
DA:46,6
DA:48,6
DA:49,6
DA:54,6
DA:55,6
DA:57,6
DA:58,6
LF:17
LH:17
BRDA:13,0,0,6
BRDA:13,0,1,5
BRDA:14,1,0,6
BRDA:14,1,1,2
BRF:4
BRH:4
end_of_record
TN:
SF:src/components/modal-window-base.tsx
FN:12,(anonymous_0)
FNF:1
FNH:1
FNDA:3,(anonymous_0)
DA:12,1
DA:13,3
DA:28,1
DA:39,1
DA:59,1
DA:98,1
DA:105,1
DA:114,1
DA:121,1
LF:9
LH:9
BRF:0
BRH:0
end_of_record
TN:
SF:src/components/select.tsx
FN:9,(anonymous_0)
FNF:1
FNH:1
FNDA:6,(anonymous_0)
DA:9,1
DA:10,6
DA:18,1
DA:23,1
DA:29,1
LF:5
LH:5
BRF:0
BRH:0
end_of_record
TN:
SF:src/components/textarea.tsx
FN:10,(anonymous_0)
FNF:1
FNH:1
FNDA:2,(anonymous_0)
DA:10,1
DA:11,2
DA:16,1
LF:3
LH:3
BRF:0
BRH:0
end_of_record
TN:
SF:src/components/welcome-tile.tsx
FN:16,(anonymous_0)
FN:22,(anonymous_1)
FN:67,(anonymous_2)
FN:68,(anonymous_3)
FN:69,(anonymous_4)
FN:70,(anonymous_5)
FN:74,(anonymous_6)
FNF:7
FNH:7
FNDA:3,(anonymous_0)
FNDA:1,(anonymous_1)
FNDA:6,(anonymous_2)
FNDA:6,(anonymous_3)
FNDA:6,(anonymous_4)
FNDA:6,(anonymous_5)
FNDA:6,(anonymous_6)
DA:16,1
DA:18,3
DA:19,3
DA:22,2
DA:23,1
DA:27,2
DA:29,2
DA:56,1
DA:65,1
DA:67,6
DA:68,6
DA:69,6
DA:70,6
DA:74,6
DA:78,1
DA:86,1
DA:94,1
DA:100,1
DA:104,1
DA:111,1
DA:118,1
DA:129,1
LF:22
LH:22
BRDA:18,0,0,3
BRDA:18,0,1,2
BRDA:19,1,0,1
BRDA:19,1,1,2
BRDA:23,2,0,1
BRDA:23,2,1,0
BRDA:27,3,0,2
BRDA:27,3,1,2
BRF:8
BRH:7
end_of_record
TN:
SF:src/components/header/burger-menu.tsx
FN:66,(anonymous_0)
FN:71,(anonymous_1)
FNF:2
FNH:1
FNDA:5,(anonymous_0)
FNDA:0,(anonymous_1)
DA:4,1
DA:66,1
DA:68,5
DA:72,0
LF:4
LH:3
BRDA:68,0,0,0
BRDA:68,0,1,5
BRDA:72,1,0,0
BRDA:72,1,1,0
BRDA:74,2,0,0
BRDA:74,2,1,5
BRF:6
BRH:2
end_of_record
TN:
SF:src/components/header/index.tsx
FN:22,(anonymous_0)
FN:31,(anonymous_1)
FN:34,(anonymous_2)
FN:38,(anonymous_3)
FN:49,(anonymous_4)
FN:50,(anonymous_5)
FN:66,(anonymous_6)
FN:67,(anonymous_7)
FN:133,(anonymous_8)
FNF:9
FNH:5
FNDA:5,(anonymous_0)
FNDA:1,(anonymous_1)
FNDA:0,(anonymous_2)
FNDA:1,(anonymous_3)
FNDA:0,(anonymous_4)
FNDA:1,(anonymous_5)
FNDA:0,(anonymous_6)
FNDA:0,(anonymous_7)
FNDA:5,(anonymous_8)
DA:22,1
DA:24,5
DA:25,5
DA:28,5
DA:31,5
DA:32,1
DA:34,5
DA:35,0
DA:36,0
DA:38,5
DA:40,5
DA:49,0
DA:50,1
DA:66,0
DA:67,0
DA:73,1
DA:97,1
DA:112,1
DA:133,5
DA:141,1
DA:145,1
DA:153,1
DA:162,1
LF:23
LH:18
BRDA:28,0,0,5
BRDA:28,0,1,4
BRDA:32,1,0,1
BRDA:32,1,1,0
BRDA:32,2,0,1
BRDA:32,2,1,1
BRDA:35,3,0,0
BRDA:35,3,1,0
BRDA:55,4,0,3
BRDA:55,4,1,2
BRDA:133,5,0,4
BRDA:133,5,1,1
BRF:12
BRH:9
end_of_record
TN:
SF:src/components/header/slide.tsx
FN:14,(anonymous_0)
FN:29,(anonymous_1)
FN:32,(anonymous_2)
FN:39,(anonymous_3)
FN:40,(anonymous_4)
FN:41,(anonymous_5)
FNF:6
FNH:2
FNDA:5,(anonymous_0)
FNDA:5,(anonymous_1)
FNDA:0,(anonymous_2)
FNDA:0,(anonymous_3)
FNDA:0,(anonymous_4)
FNDA:0,(anonymous_5)
DA:14,1
DA:15,5
DA:17,5
DA:29,1
DA:30,5
DA:32,5
DA:33,0
DA:34,0
DA:37,5
DA:39,0
DA:40,0
DA:41,0
DA:47,1
DA:54,1
DA:74,1
LF:15
LH:10
BRF:0
BRH:0
end_of_record
TN:
SF:src/helpers/auth-helper.ts
FN:6,(anonymous_0)
FN:11,(anonymous_1)
FN:35,(anonymous_2)
FN:40,(anonymous_3)
FN:49,(anonymous_4)
FN:56,(anonymous_5)
FNF:6
FNH:6
FNDA:6,(anonymous_0)
FNDA:3,(anonymous_1)
FNDA:6,(anonymous_2)
FNDA:5,(anonymous_3)
FNDA:7,(anonymous_4)
FNDA:2,(anonymous_5)
DA:7,6
DA:8,6
DA:12,3
DA:14,3
DA:16,2
DA:22,2
DA:28,2
DA:30,2
DA:31,2
DA:32,2
DA:36,6
DA:37,5
DA:41,5
DA:43,5
DA:50,7
DA:51,7
DA:52,7
DA:53,7
DA:57,2
DA:58,2
LF:20
LH:20
BRDA:14,0,0,1
BRDA:14,0,1,2
BRDA:36,1,0,1
BRDA:36,1,1,5
BRDA:58,2,0,2
BRDA:58,2,1,1
BRF:6
BRH:6
end_of_record
TN:
SF:src/helpers/date-helper.ts
FN:6,(anonymous_0)
FN:10,(anonymous_1)
FNF:2
FNH:1
FNDA:0,(anonymous_0)
FNDA:17,(anonymous_1)
DA:3,7
DA:7,0
DA:11,17
DA:17,17
DA:18,17
LF:5
LH:4
BRDA:7,0,0,0
BRDA:7,0,1,0
BRF:2
BRH:0
end_of_record
TN:
SF:src/helpers/env-helper.ts
FNF:0
FNH:0
LF:0
LH:0
BRF:0
BRH:0
end_of_record
TN:
SF:src/helpers/format-helper.ts
FN:8,(anonymous_0)
FN:26,(anonymous_1)
FN:30,(anonymous_2)
FN:37,(anonymous_3)
FN:42,(anonymous_4)
FN:49,(anonymous_5)
FN:50,(anonymous_6)
FN:53,(anonymous_7)
FN:54,(anonymous_8)
FN:57,(anonymous_9)
FN:59,(anonymous_10)
FN:62,(anonymous_11)
FNF:12
FNH:7
FNDA:0,(anonymous_0)
FNDA:0,(anonymous_1)
FNDA:0,(anonymous_2)
FNDA:0,(anonymous_3)
FNDA:0,(anonymous_4)
FNDA:1,(anonymous_5)
FNDA:213,(anonymous_6)
FNDA:1,(anonymous_7)
FNDA:213,(anonymous_8)
FNDA:1,(anonymous_9)
FNDA:4,(anonymous_10)
FNDA:4,(anonymous_11)
DA:8,5
DA:9,0
DA:10,0
DA:12,0
DA:13,0
DA:15,0
DA:19,0
DA:21,0
DA:26,5
DA:27,0
DA:31,0
DA:32,0
DA:33,0
DA:34,0
DA:37,5
DA:38,0
DA:39,0
DA:43,0
DA:44,0
DA:45,0
DA:46,0
DA:50,213
DA:54,213
DA:58,1
DA:59,1
DA:60,4
DA:62,4
DA:69,1
LF:28
LH:10
BRDA:10,0,0,0
BRDA:10,0,1,0
BRDA:10,1,0,0
BRDA:10,1,1,0
BRDA:13,2,0,0
BRDA:13,2,1,0
BRDA:13,2,2,0
BRDA:13,2,3,0
BRDA:13,2,4,0
BRDA:32,3,0,0
BRDA:32,3,1,0
BRDA:32,4,0,0
BRDA:32,4,1,0
BRDA:33,5,0,0
BRDA:33,5,1,0
BRDA:44,6,0,0
BRDA:44,6,1,0
BRDA:45,7,0,0
BRDA:45,7,1,0
BRF:19
BRH:0
end_of_record
TN:
SF:src/helpers/ui-helper.tsx
FN:18,(anonymous_0)
FN:22,(anonymous_1)
FN:30,(anonymous_2)
FN:53,(anonymous_3)
FNF:4
FNH:1
FNDA:0,(anonymous_0)
FNDA:0,(anonymous_1)
FNDA:43,(anonymous_2)
FNDA:0,(anonymous_3)
DA:19,0
DA:22,0
DA:31,43
DA:32,21
DA:33,21
DA:34,21
DA:35,21
DA:36,0
DA:37,0
DA:38,0
DA:39,0
DA:40,0
DA:41,0
DA:42,0
DA:43,0
DA:44,0
DA:45,0
DA:47,0
DA:54,0
DA:55,0
DA:56,0
DA:57,0
DA:58,0
DA:59,0
DA:60,0
LF:25
LH:5
BRDA:31,0,0,22
BRDA:31,0,1,21
BRDA:32,1,0,0
BRDA:32,1,1,21
BRDA:33,2,0,0
BRDA:33,2,1,21
BRDA:34,3,0,0
BRDA:34,3,1,21
BRDA:35,4,0,21
BRDA:35,4,1,0
BRDA:36,5,0,0
BRDA:36,5,1,0
BRDA:37,6,0,0
BRDA:37,6,1,0
BRDA:38,7,0,0
BRDA:38,7,1,0
BRDA:39,8,0,0
BRDA:39,8,1,0
BRDA:40,9,0,0
BRDA:40,9,1,0
BRDA:41,10,0,0
BRDA:41,10,1,0
BRDA:42,11,0,0
BRDA:42,11,1,0
BRDA:43,12,0,0
BRDA:43,12,1,0
BRDA:44,13,0,0
BRDA:44,13,1,0
BRDA:45,14,0,0
BRDA:45,14,1,0
BRDA:54,15,0,0
BRDA:54,15,1,0
BRDA:55,16,0,0
BRDA:55,16,1,0
BRDA:56,17,0,0
BRDA:56,17,1,0
BRDA:57,18,0,0
BRDA:57,18,1,0
BRDA:58,19,0,0
BRDA:58,19,1,0
BRDA:59,20,0,0
BRDA:59,20,1,0
BRF:42
BRH:6
end_of_record
TN:
SF:src/hooks/app-router.ts
FN:4,(anonymous_0)
FN:5,(anonymous_1)
FN:6,(anonymous_2)
FNF:3
FNH:0
FNDA:0,(anonymous_0)
FNDA:0,(anonymous_1)
FNDA:0,(anonymous_2)
DA:4,2
DA:5,2
DA:6,2
DA:10,2
DA:11,2
DA:12,2
LF:6
LH:6
BRF:0
BRH:0
end_of_record
TN:
SF:src/hooks/useIndexPage.ts
FN:21,useIndexPage
FN:23,(anonymous_1)
FN:28,(anonymous_2)
FN:30,(anonymous_3)
FN:59,(anonymous_4)
FN:105,(anonymous_5)
FN:120,(anonymous_6)
FN:152,(anonymous_7)
FN:184,(anonymous_8)
FN:195,(anonymous_9)
FN:201,(anonymous_10)
FN:202,(anonymous_11)
FNF:12
FNH:6
FNDA:6,useIndexPage
FNDA:0,(anonymous_1)
FNDA:6,(anonymous_2)
FNDA:0,(anonymous_3)
FNDA:0,(anonymous_4)
FNDA:9,(anonymous_5)
FNDA:6260,(anonymous_6)
FNDA:2,(anonymous_7)
FNDA:3,(anonymous_8)
FNDA:0,(anonymous_9)
FNDA:0,(anonymous_10)
FNDA:0,(anonymous_11)
DA:22,6
DA:23,6
DA:24,6
DA:26,6
DA:28,6
DA:29,6
DA:31,0
DA:34,0
DA:37,0
DA:40,0
DA:43,0
DA:46,0
DA:49,0
DA:52,0
DA:54,0
DA:55,0
DA:56,0
DA:57,0
DA:60,0
DA:61,0
DA:64,0
DA:65,0
DA:66,0
DA:70,0
DA:74,0
DA:78,6
DA:105,1
DA:107,9
DA:114,9
DA:116,8
DA:119,8
DA:120,6260
DA:124,8
DA:128,8
DA:129,1
DA:133,7
DA:134,1045
DA:137,1045
DA:138,1045
DA:141,1045
DA:144,2
DA:145,2
DA:146,2
DA:151,2
DA:152,2
DA:155,0
DA:160,5
DA:161,5
DA:162,1015
DA:165,1015
DA:166,1015
DA:169,1015
DA:170,1012
DA:171,1012
DA:175,3
DA:177,3
DA:178,3
DA:183,3
DA:184,3
DA:188,0
DA:192,2
DA:195,1
DA:197,0
DA:199,0
DA:200,0
DA:201,0
DA:202,0
LF:67
LH:41
BRDA:60,0,0,0
BRDA:60,0,1,0
BRDA:64,1,0,0
BRDA:64,1,1,0
BRDA:65,2,0,0
BRDA:65,2,1,0
BRDA:81,3,0,6
BRDA:81,3,1,3
BRDA:114,4,0,1
BRDA:114,4,1,8
BRDA:128,5,0,1
BRDA:128,5,1,7
BRDA:141,6,0,1043
BRDA:141,6,1,2
BRDA:147,7,0,1
BRDA:147,7,1,1
BRDA:169,8,0,1012
BRDA:169,8,1,3
BRDA:197,9,0,0
BRDA:197,9,1,0
BRF:20
BRH:12
end_of_record
TN:
SF:src/hooks/useIsLoading.ts
FN:13,(anonymous_0)
FNF:1
FNH:1
FNDA:7,(anonymous_0)
DA:13,1
DA:14,7
DA:15,7
DA:16,7
DA:17,7
DA:18,7
DA:19,7
DA:21,7
LF:8
LH:8
BRDA:21,0,0,7
BRDA:21,0,1,6
BRDA:21,0,2,5
BRDA:21,0,3,4
BRDA:21,0,4,3
BRDA:21,0,5,2
BRF:6
BRH:6
end_of_record
TN:
SF:src/hooks/useLoginPage.ts
FN:8,useLoginPage
FN:19,(anonymous_1)
FN:20,(anonymous_2)
FN:21,(anonymous_3)
FNF:4
FNH:4
FNDA:17,useLoginPage
FNDA:4,(anonymous_1)
FNDA:4,(anonymous_2)
FNDA:4,(anonymous_3)
DA:10,17
DA:11,17
DA:12,17
DA:14,17
DA:19,4
DA:20,4
DA:22,4
DA:24,4
DA:25,4
DA:27,4
DA:29,4
DA:30,2
DA:31,2
DA:34,4
DA:38,4
DA:42,4
LF:16
LH:16
BRDA:24,0,0,0
BRDA:24,0,1,4
BRDA:24,1,0,4
BRDA:24,1,1,4
BRDA:29,2,0,2
BRDA:29,2,1,2
BRDA:34,3,0,1
BRDA:34,3,1,3
BRDA:38,4,0,1
BRDA:38,4,1,3
BRF:10
BRH:9
end_of_record
TN:
SF:src/hooks/useProfilePage.ts
FN:5,useProfilePage
FN:8,(anonymous_1)
FNF:2
FNH:1
FNDA:5,useProfilePage
FNDA:0,(anonymous_1)
DA:6,5
DA:10,0
DA:13,0
DA:15,0
LF:4
LH:1
BRF:0
BRH:0
end_of_record
TN:
SF:src/redux/hooks.ts
FN:4,(anonymous_0)
FNF:1
FNH:1
FNDA:6,(anonymous_0)
DA:4,6
DA:5,2
LF:2
LH:2
BRF:0
BRH:0
end_of_record
TN:
SF:src/redux/reducers/advertisement-reducer.ts
FN:21,(anonymous_0)
FN:24,(anonymous_1)
FN:27,(anonymous_2)
FN:30,(anonymous_3)
FN:44,(anonymous_4)
FN:45,(anonymous_5)
FN:46,(anonymous_6)
FNF:7
FNH:5
FNDA:2,(anonymous_0)
FNDA:2,(anonymous_1)
FNDA:2,(anonymous_2)
FNDA:1,(anonymous_3)
FNDA:0,(anonymous_4)
FNDA:14,(anonymous_5)
FNDA:0,(anonymous_6)
DA:11,3
DA:17,3
DA:22,2
DA:25,2
DA:28,2
DA:31,1
DA:41,3
DA:44,3
DA:45,14
DA:46,3
DA:48,3
LF:11
LH:11
BRF:0
BRH:0
end_of_record
TN:
SF:src/redux/reducers/control-work-reducer.ts
FN:21,(anonymous_0)
FN:24,(anonymous_1)
FN:27,(anonymous_2)
FN:30,(anonymous_3)
FN:44,(anonymous_4)
FN:45,(anonymous_5)
FN:46,(anonymous_6)
FNF:7
FNH:5
FNDA:2,(anonymous_0)
FNDA:1,(anonymous_1)
FNDA:2,(anonymous_2)
FNDA:2,(anonymous_3)
FNDA:0,(anonymous_4)
FNDA:14,(anonymous_5)
FNDA:0,(anonymous_6)
DA:11,3
DA:17,3
DA:22,2
DA:25,1
DA:28,2
DA:31,2
DA:41,3
DA:44,3
DA:45,14
DA:46,3
DA:48,3
LF:11
LH:11
BRF:0
BRH:0
end_of_record
TN:
SF:src/redux/reducers/homework-reducer.ts
FN:19,(anonymous_0)
FN:22,(anonymous_1)
FN:24,(anonymous_2)
FN:31,(anonymous_3)
FN:39,(anonymous_4)
FN:40,(anonymous_5)
FNF:6
FNH:5
FNDA:2,(anonymous_0)
FNDA:1,(anonymous_1)
FNDA:44,(anonymous_2)
FNDA:2,(anonymous_3)
FNDA:0,(anonymous_4)
FNDA:14,(anonymous_5)
DA:10,3
DA:15,3
DA:20,2
DA:24,44
DA:27,1
DA:28,1
DA:32,2
DA:37,3
DA:39,3
DA:40,14
DA:42,3
LF:11
LH:11
BRDA:27,0,0,1
BRDA:27,0,1,0
BRF:2
BRH:1
end_of_record
TN:
SF:src/redux/reducers/lesson-reducer.ts
FN:25,(anonymous_0)
FN:28,(anonymous_1)
FN:33,(anonymous_2)
FN:42,(anonymous_3)
FN:43,(anonymous_4)
FN:44,(anonymous_5)
FN:45,(anonymous_6)
FN:46,(anonymous_7)
FNF:8
FNH:4
FNDA:1,(anonymous_0)
FNDA:1,(anonymous_1)
FNDA:2,(anonymous_2)
FNDA:0,(anonymous_3)
FNDA:14,(anonymous_4)
FNDA:0,(anonymous_5)
FNDA:0,(anonymous_6)
FNDA:0,(anonymous_7)
DA:13,3
DA:21,3
DA:26,1
DA:29,1
DA:30,1
DA:31,1
DA:34,2
DA:39,3
DA:42,3
DA:43,14
DA:44,3
DA:45,3
DA:46,3
DA:48,3
LF:14
LH:14
BRF:0
BRH:0
end_of_record
TN:
SF:src/redux/reducers/marks-reducer.ts
FN:19,(anonymous_0)
FN:28,(anonymous_1)
FN:29,(anonymous_2)
FN:30,(anonymous_3)
FNF:4
FNH:2
FNDA:1,(anonymous_0)
FNDA:0,(anonymous_1)
FNDA:14,(anonymous_2)
FNDA:0,(anonymous_3)
DA:10,3
DA:15,3
DA:20,1
DA:21,1
DA:26,3
DA:28,3
DA:29,14
DA:30,3
DA:32,3
LF:9
LH:9
BRDA:30,0,0,0
BRDA:30,0,1,0
BRF:2
BRH:0
end_of_record
TN:
SF:src/redux/reducers/user-reducer.ts
FN:17,(anonymous_0)
FN:25,(anonymous_1)
FN:26,(anonymous_2)
FNF:3
FNH:3
FNDA:1,(anonymous_0)
FNDA:12,(anonymous_1)
FNDA:14,(anonymous_2)
DA:9,3
DA:13,3
DA:18,1
DA:23,3
DA:25,12
DA:26,14
DA:28,3
LF:7
LH:7
BRF:0
BRH:0
end_of_record
TN:
SF:src/services/api-service.ts
FN:15,(anonymous_0)
FN:38,(anonymous_1)
FN:67,(anonymous_2)
FN:95,(anonymous_3)
FN:127,(anonymous_4)
FNF:5
FNH:5
FNDA:4,(anonymous_0)
FNDA:10,(anonymous_1)
FNDA:8,(anonymous_2)
FNDA:5,(anonymous_3)
FNDA:5,(anonymous_4)
DA:16,4
DA:19,4
DA:20,2
DA:27,2
DA:30,1
DA:39,10
DA:42,4
DA:43,1
DA:46,1
DA:48,1
DA:52,3
DA:55,2
DA:58,1
DA:68,8
DA:71,7
DA:72,3
DA:76,4
DA:79,3
DA:82,2
DA:85,1
DA:96,5
DA:106,5
DA:107,2
DA:111,3
DA:114,2
DA:117,1
DA:128,5
DA:137,5
DA:138,2
DA:142,3
DA:145,2
DA:148,1
LF:32
LH:32
BRDA:19,0,0,2
BRDA:19,0,1,2
BRDA:27,1,0,1
BRDA:27,1,1,1
BRDA:42,2,0,1
BRDA:42,2,1,3
BRDA:42,3,0,4
BRDA:42,3,1,1
BRDA:52,4,0,1
BRDA:52,4,1,2
BRDA:52,5,0,3
BRDA:52,5,1,3
BRDA:55,6,0,1
BRDA:55,6,1,1
BRDA:71,7,0,3
BRDA:71,7,1,4
BRDA:71,8,0,7
BRDA:71,8,1,3
BRDA:76,9,0,1
BRDA:76,9,1,3
BRDA:79,10,0,1
BRDA:79,10,1,2
BRDA:79,11,0,3
BRDA:79,11,1,2
BRDA:82,12,0,1
BRDA:82,12,1,1
BRDA:106,13,0,2
BRDA:106,13,1,3
BRDA:106,14,0,5
BRDA:106,14,1,2
BRDA:111,15,0,1
BRDA:111,15,1,2
BRDA:114,16,0,1
BRDA:114,16,1,1
BRDA:137,17,0,2
BRDA:137,17,1,3
BRDA:137,18,0,5
BRDA:137,18,1,2
BRDA:142,19,0,1
BRDA:142,19,1,2
BRDA:145,20,0,1
BRDA:145,20,1,1
BRDA:145,21,0,2
BRDA:145,21,1,1
BRF:44
BRH:44
end_of_record
TN:
SF:src/services/cache-service.ts
FN:16,(anonymous_0)
FN:23,(anonymous_1)
FN:25,(anonymous_2)
FN:62,(anonymous_3)
FN:85,(anonymous_4)
FN:95,(anonymous_5)
FN:140,(anonymous_6)
FN:144,(anonymous_7)
FN:148,(anonymous_8)
FN:154,(anonymous_9)
FN:166,(anonymous_10)
FN:170,(anonymous_11)
FN:177,(anonymous_12)
FN:183,(anonymous_13)
FN:187,(anonymous_14)
FN:191,(anonymous_15)
FN:197,(anonymous_16)
FN:201,(anonymous_17)
FN:208,(anonymous_18)
FN:214,(anonymous_19)
FN:218,(anonymous_20)
FN:227,(anonymous_21)
FNF:22
FNH:22
FNDA:4,(anonymous_0)
FNDA:1,(anonymous_1)
FNDA:6,(anonymous_2)
FNDA:2,(anonymous_3)
FNDA:5,(anonymous_4)
FNDA:2,(anonymous_5)
FNDA:1,(anonymous_6)
FNDA:1,(anonymous_7)
FNDA:7,(anonymous_8)
FNDA:135,(anonymous_9)
FNDA:1,(anonymous_10)
FNDA:1,(anonymous_11)
FNDA:2,(anonymous_12)
FNDA:8,(anonymous_13)
FNDA:1,(anonymous_14)
FNDA:2,(anonymous_15)
FNDA:1,(anonymous_16)
FNDA:1,(anonymous_17)
FNDA:2,(anonymous_18)
FNDA:1,(anonymous_19)
FNDA:1,(anonymous_20)
FNDA:2,(anonymous_21)
DA:17,4
DA:20,4
DA:23,4
DA:27,6
DA:28,6
DA:31,0
DA:32,0
DA:35,0
DA:36,0
DA:39,0
DA:40,0
DA:43,0
DA:44,0
DA:47,0
DA:48,0
DA:50,0
DA:59,0
DA:63,2
DA:66,1
DA:69,1
DA:72,1
DA:75,1
DA:78,1
DA:81,1
DA:86,5
DA:87,5
DA:90,5
DA:91,3
DA:92,3
DA:96,2
DA:97,2
DA:107,2
DA:109,2
DA:110,249
DA:113,249
DA:114,1
DA:115,1
DA:119,248
DA:120,240
DA:124,8
DA:125,8
DA:126,8
DA:137,2
DA:141,1
DA:145,1
DA:150,7
DA:151,7
DA:154,135
DA:157,7
DA:160,6
DA:163,6
DA:167,1
DA:171,1
DA:172,1
DA:173,1
DA:178,2
DA:179,2
DA:180,1
DA:184,8
DA:188,1
DA:192,2
DA:193,2
DA:194,1
DA:198,1
DA:202,1
DA:203,1
DA:204,1
DA:209,2
DA:210,2
DA:211,1
DA:215,1
DA:219,1
DA:220,1
DA:221,1
DA:222,1
DA:223,1
DA:224,1
DA:228,2
LF:78
LH:66
BRDA:17,0,0,3
BRDA:17,0,1,1
BRDA:20,1,0,4
BRDA:20,1,1,1
BRDA:28,2,0,6
BRDA:28,2,1,0
BRDA:32,3,0,0
BRDA:32,3,1,0
BRDA:36,4,0,0
BRDA:36,4,1,0
BRDA:40,5,0,0
BRDA:40,5,1,0
BRDA:44,6,0,0
BRDA:44,6,1,0
BRDA:48,7,0,0
BRDA:48,7,1,0
BRDA:63,8,0,1
BRDA:63,8,1,1
BRDA:87,9,0,3
BRDA:87,9,1,2
BRDA:88,10,0,3
BRDA:88,10,1,0
BRDA:90,11,0,2
BRDA:90,11,1,3
BRDA:92,12,0,3
BRDA:92,12,1,0
BRDA:96,13,0,2
BRDA:96,13,1,1
BRDA:113,14,0,1
BRDA:113,14,1,248
BRDA:113,15,0,249
BRDA:113,15,1,241
BRDA:119,16,0,240
BRDA:119,16,1,8
BRDA:119,17,0,248
BRDA:119,17,1,240
BRDA:124,18,0,8
BRDA:124,18,1,0
BRDA:145,19,0,1
BRDA:145,19,1,0
BRDA:150,20,0,7
BRDA:150,20,1,0
BRDA:157,21,0,1
BRDA:157,21,1,6
BRDA:172,22,0,1
BRDA:172,22,1,0
BRDA:178,23,0,2
BRDA:178,23,1,1
BRDA:179,24,0,1
BRDA:179,24,1,1
BRDA:184,25,0,8
BRDA:184,25,1,7
BRDA:192,26,0,2
BRDA:192,26,1,1
BRDA:193,27,0,1
BRDA:193,27,1,1
BRDA:203,28,0,1
BRDA:203,28,1,0
BRDA:209,29,0,2
BRDA:209,29,1,1
BRDA:210,30,0,1
BRDA:210,30,1,1
BRF:62
BRH:44
end_of_record
TN:
SF:src/services/data-service.ts
FN:9,(anonymous_0)
FN:16,(anonymous_1)
FN:24,(anonymous_2)
FNF:3
FNH:3
FNDA:10,(anonymous_0)
FNDA:1,(anonymous_1)
FNDA:2,(anonymous_2)
DA:9,2
DA:13,10
DA:14,10
DA:15,1
DA:17,1
DA:18,1
DA:21,1
DA:23,9
DA:25,2
DA:26,2
LF:10
LH:10
BRDA:14,0,0,1
BRDA:14,0,1,9
BRF:2
BRH:2
end_of_record
TN:
SF:src/utils/constants.ts
FNF:0
FNH:0
DA:1,2
DA:2,2
LF:2
LH:2
BRF:0
BRH:0
end_of_record
TN:
SF:src/utils/index.ts
FN:3,(anonymous_0)
FN:4,(anonymous_1)
FN:8,(anonymous_2)
FN:14,(anonymous_3)
FN:17,(anonymous_4)
FNF:5
FNH:5
FNDA:1,(anonymous_0)
FNDA:213,(anonymous_1)
FNDA:213,(anonymous_2)
FNDA:4,(anonymous_3)
FNDA:4,(anonymous_4)
DA:3,6
DA:4,213
DA:8,213
DA:13,1
DA:14,1
DA:15,4
DA:18,4
DA:27,1
LF:8
LH:8
BRF:0
BRH:0
end_of_record
TN:
SF:src/utils/api/routes.ts
FN:7,(anonymous_0)
FN:12,(anonymous_1)
FNF:2
FNH:2
FNDA:34,(anonymous_0)
FNDA:15,(anonymous_1)
DA:5,4
DA:6,4
DA:7,34
DA:9,4
DA:10,4
DA:11,4
DA:12,15
DA:15,4
DA:16,4
LF:9
LH:9
BRF:0
BRH:0
end_of_record
TN:
SF:src/utils/metadata/type-guards.ts
FN:10,isInvalidCredentialsApiError
FN:15,isServerErrorApiError
FN:20,isForbiddenApiError
FN:25,isNotFoundApiError
FN:30,isBadRequestApiError
FN:35,isTokensBody
FNF:6
FNH:3
FNDA:4,isInvalidCredentialsApiError
FNDA:4,isServerErrorApiError
FNDA:0,isForbiddenApiError
FNDA:0,isNotFoundApiError
FNDA:0,isBadRequestApiError
FNDA:4,isTokensBody
DA:11,4
DA:16,4
DA:21,0
DA:26,0
DA:31,0
DA:36,4
LF:6
LH:3
BRDA:36,0,0,4
BRDA:36,0,1,2
BRDA:36,0,2,2
BRDA:36,0,3,2
BRF:4
BRH:4
end_of_record
TN:
SF:test/fixtures.ts
FN:18,(anonymous_0)
FN:73,(anonymous_1)
FN:81,(anonymous_2)
FN:89,(anonymous_3)
FN:117,(anonymous_4)
FN:118,(anonymous_5)
FN:124,(anonymous_6)
FN:125,(anonymous_7)
FN:126,(anonymous_8)
FN:144,(anonymous_9)
FNF:10
FNH:10
FNDA:245,(anonymous_0)
FNDA:1491,(anonymous_1)
FNDA:1491,(anonymous_2)
FNDA:861,(anonymous_3)
FNDA:1491,(anonymous_4)
FNDA:1491,(anonymous_5)
FNDA:42,(anonymous_6)
FNDA:49,(anonymous_7)
FNDA:35,(anonymous_8)
FNDA:2643,(anonymous_9)
DA:10,7
DA:18,245
DA:20,7
DA:44,7
DA:68,7
DA:73,1491
DA:75,7
DA:81,1491
DA:83,7
DA:89,861
DA:91,7
DA:96,7
DA:105,7
DA:114,7
DA:117,1491
DA:118,1491
DA:123,7
DA:124,42
DA:125,49
DA:126,35
DA:129,7
DA:138,7
DA:140,7
DA:142,7
DA:143,49
DA:144,2643
DA:149,49
DA:152,7
DA:154,7
DA:162,7
LF:30
LH:30
BRF:0
BRH:0
end_of_record
